TN:
SF:src\js\app-simple.js
FN:12,(anonymous_0)
FN:20,(anonymous_1)
FN:29,(anonymous_2)
FN:35,initializeUI
FN:50,(anonymous_4)
FN:63,(anonymous_5)
FN:70,initializeLaunchpad
FN:84,(anonymous_7)
FN:93,(anonymous_8)
FN:102,(anonymous_9)
FN:114,initializeTimeline
FN:129,(anonymous_11)
FN:137,(anonymous_12)
FN:150,(anonymous_13)
FN:169,(anonymous_14)
FN:178,(anonymous_15)
FN:187,(anonymous_16)
FN:197,(anonymous_17)
FN:211,initializeUniversalButtons
FN:223,(anonymous_19)
FN:236,(anonymous_20)
FN:249,(anonymous_21)
FN:262,(anonymous_22)
FN:277,initializeProjectDetails
FN:294,(anonymous_24)
FN:295,(anonymous_25)
FN:306,initializeDateValidation
FN:331,validateDates
FN:407,showNotification
FN:412,(anonymous_29)
FN:453,(anonymous_30)
FN:455,(anonymous_31)
FN:461,loadTimelineProjects
FN:469,(anonymous_33)
FN:521,createProjectBar
FN:556,(anonymous_35)
FN:562,(anonymous_36)
FN:568,(anonymous_37)
FN:576,handleProjectFormSubmit
FN:626,(anonymous_39)
FN:638,switchTab
FN:642,(anonymous_41)
FN:643,(anonymous_42)
FN:659,exportProjectsCSV
FN:675,(anonymous_44)
FN:718,handleCSVImport
FN:735,(anonymous_46)
FN:760,(anonymous_47)
FN:772,parseCSVContent
FN:775,(anonymous_49)
FN:781,(anonymous_50)
FN:790,(anonymous_51)
FN:791,(anonymous_52)
FN:844,parseCSVLine
FN:878,importProjects
FN:884,(anonymous_55)
FN:900,(anonymous_56)
FN:932,(anonymous_57)
FN:934,(anonymous_58)
FN:940,(anonymous_59)
FN:960,(anonymous_60)
FN:978,(anonymous_61)
FN:995,(anonymous_62)
FN:996,(anonymous_63)
FN:1013,(anonymous_64)
FN:1015,(anonymous_65)
FN:1023,(anonymous_66)
FN:1044,(anonymous_67)
FN:1045,(anonymous_68)
FN:1053,(anonymous_69)
FN:1084,(anonymous_70)
FN:1097,(anonymous_71)
FN:1103,(anonymous_72)
FN:1142,(anonymous_73)
FN:1144,(anonymous_74)
FN:1144,(anonymous_75)
FN:1216,(anonymous_76)
FN:1222,(anonymous_77)
FN:1321,(anonymous_78)
FN:1323,(anonymous_79)
FN:1356,(anonymous_80)
FN:1405,(anonymous_81)
FN:1449,(anonymous_82)
FN:1452,(anonymous_83)
FN:1492,(anonymous_84)
FN:1569,(anonymous_85)
FN:1582,(anonymous_86)
FN:1601,(anonymous_87)
FN:1620,(anonymous_88)
FN:1623,(anonymous_89)
FN:1780,(anonymous_90)
FN:1786,(anonymous_91)
FN:1795,(anonymous_92)
FN:1804,(anonymous_93)
FN:1822,(anonymous_94)
FN:1828,(anonymous_95)
FN:1843,(anonymous_96)
FN:1879,(anonymous_97)
FN:1886,(anonymous_98)
FN:1924,(anonymous_99)
FN:2008,(anonymous_100)
FN:2028,(anonymous_101)
FN:2048,(anonymous_102)
FN:2051,(anonymous_103)
FN:2052,(anonymous_104)
FN:2071,(anonymous_105)
FN:2077,(anonymous_106)
FN:2079,(anonymous_107)
FN:2088,(anonymous_108)
FN:2114,(anonymous_109)
FN:2176,(anonymous_110)
FN:2180,(anonymous_111)
FN:2192,(anonymous_112)
FN:2201,(anonymous_113)
FN:2207,(anonymous_114)
FN:2214,(anonymous_115)
FN:2219,(anonymous_116)
FN:2238,(anonymous_117)
FN:2257,(anonymous_118)
FN:2286,(anonymous_119)
FN:2336,(anonymous_120)
FN:2344,(anonymous_121)
FN:2399,(anonymous_122)
FN:2405,(anonymous_123)
FN:2411,(anonymous_124)
FN:2421,(anonymous_125)
FN:2487,(anonymous_126)
FN:2547,(anonymous_127)
FN:2556,(anonymous_128)
FN:2636,(anonymous_129)
FN:2644,(anonymous_130)
FN:2646,(anonymous_131)
FN:2658,(anonymous_132)
FN:2674,(anonymous_133)
FN:2685,(anonymous_134)
FN:2691,(anonymous_135)
FN:2698,(anonymous_136)
FN:2703,(anonymous_137)
FN:2724,(anonymous_138)
FN:2770,(anonymous_139)
FN:2782,(anonymous_140)
FN:2825,(anonymous_141)
FN:2831,(anonymous_142)
FN:2838,(anonymous_143)
FN:2846,(anonymous_144)
FN:2871,(anonymous_145)
FN:2896,(anonymous_146)
FN:2927,(anonymous_147)
FN:2937,(anonymous_148)
FN:3058,(anonymous_149)
FN:3149,(anonymous_150)
FN:3179,(anonymous_151)
FN:3196,(anonymous_152)
FN:3204,(anonymous_153)
FN:3261,(anonymous_154)
FN:3265,(anonymous_155)
FN:3277,(anonymous_156)
FN:3289,(anonymous_157)
FN:3302,(anonymous_158)
FN:3318,(anonymous_159)
FN:3327,(anonymous_160)
FN:3334,(anonymous_161)
FN:3343,(anonymous_162)
FN:3363,(anonymous_163)
FN:3377,(anonymous_164)
FN:3398,(anonymous_165)
FN:3431,(anonymous_166)
FN:3473,(anonymous_167)
FN:3501,(anonymous_168)
FN:3549,timelineZoom
FN:3594,(anonymous_170)
FN:3629,(anonymous_171)
FN:3630,(anonymous_172)
FN:3647,goToToday
FN:3686,animateScroll
FN:3725,(anonymous_175)
FN:3735,(anonymous_176)
FNF:177
FNH:0
FNDA:0,(anonymous_0)
FNDA:0,(anonymous_1)
FNDA:0,(anonymous_2)
FNDA:0,initializeUI
FNDA:0,(anonymous_4)
FNDA:0,(anonymous_5)
FNDA:0,initializeLaunchpad
FNDA:0,(anonymous_7)
FNDA:0,(anonymous_8)
FNDA:0,(anonymous_9)
FNDA:0,initializeTimeline
FNDA:0,(anonymous_11)
FNDA:0,(anonymous_12)
FNDA:0,(anonymous_13)
FNDA:0,(anonymous_14)
FNDA:0,(anonymous_15)
FNDA:0,(anonymous_16)
FNDA:0,(anonymous_17)
FNDA:0,initializeUniversalButtons
FNDA:0,(anonymous_19)
FNDA:0,(anonymous_20)
FNDA:0,(anonymous_21)
FNDA:0,(anonymous_22)
FNDA:0,initializeProjectDetails
FNDA:0,(anonymous_24)
FNDA:0,(anonymous_25)
FNDA:0,initializeDateValidation
FNDA:0,validateDates
FNDA:0,showNotification
FNDA:0,(anonymous_29)
FNDA:0,(anonymous_30)
FNDA:0,(anonymous_31)
FNDA:0,loadTimelineProjects
FNDA:0,(anonymous_33)
FNDA:0,createProjectBar
FNDA:0,(anonymous_35)
FNDA:0,(anonymous_36)
FNDA:0,(anonymous_37)
FNDA:0,handleProjectFormSubmit
FNDA:0,(anonymous_39)
FNDA:0,switchTab
FNDA:0,(anonymous_41)
FNDA:0,(anonymous_42)
FNDA:0,exportProjectsCSV
FNDA:0,(anonymous_44)
FNDA:0,handleCSVImport
FNDA:0,(anonymous_46)
FNDA:0,(anonymous_47)
FNDA:0,parseCSVContent
FNDA:0,(anonymous_49)
FNDA:0,(anonymous_50)
FNDA:0,(anonymous_51)
FNDA:0,(anonymous_52)
FNDA:0,parseCSVLine
FNDA:0,importProjects
FNDA:0,(anonymous_55)
FNDA:0,(anonymous_56)
FNDA:0,(anonymous_57)
FNDA:0,(anonymous_58)
FNDA:0,(anonymous_59)
FNDA:0,(anonymous_60)
FNDA:0,(anonymous_61)
FNDA:0,(anonymous_62)
FNDA:0,(anonymous_63)
FNDA:0,(anonymous_64)
FNDA:0,(anonymous_65)
FNDA:0,(anonymous_66)
FNDA:0,(anonymous_67)
FNDA:0,(anonymous_68)
FNDA:0,(anonymous_69)
FNDA:0,(anonymous_70)
FNDA:0,(anonymous_71)
FNDA:0,(anonymous_72)
FNDA:0,(anonymous_73)
FNDA:0,(anonymous_74)
FNDA:0,(anonymous_75)
FNDA:0,(anonymous_76)
FNDA:0,(anonymous_77)
FNDA:0,(anonymous_78)
FNDA:0,(anonymous_79)
FNDA:0,(anonymous_80)
FNDA:0,(anonymous_81)
FNDA:0,(anonymous_82)
FNDA:0,(anonymous_83)
FNDA:0,(anonymous_84)
FNDA:0,(anonymous_85)
FNDA:0,(anonymous_86)
FNDA:0,(anonymous_87)
FNDA:0,(anonymous_88)
FNDA:0,(anonymous_89)
FNDA:0,(anonymous_90)
FNDA:0,(anonymous_91)
FNDA:0,(anonymous_92)
FNDA:0,(anonymous_93)
FNDA:0,(anonymous_94)
FNDA:0,(anonymous_95)
FNDA:0,(anonymous_96)
FNDA:0,(anonymous_97)
FNDA:0,(anonymous_98)
FNDA:0,(anonymous_99)
FNDA:0,(anonymous_100)
FNDA:0,(anonymous_101)
FNDA:0,(anonymous_102)
FNDA:0,(anonymous_103)
FNDA:0,(anonymous_104)
FNDA:0,(anonymous_105)
FNDA:0,(anonymous_106)
FNDA:0,(anonymous_107)
FNDA:0,(anonymous_108)
FNDA:0,(anonymous_109)
FNDA:0,(anonymous_110)
FNDA:0,(anonymous_111)
FNDA:0,(anonymous_112)
FNDA:0,(anonymous_113)
FNDA:0,(anonymous_114)
FNDA:0,(anonymous_115)
FNDA:0,(anonymous_116)
FNDA:0,(anonymous_117)
FNDA:0,(anonymous_118)
FNDA:0,(anonymous_119)
FNDA:0,(anonymous_120)
FNDA:0,(anonymous_121)
FNDA:0,(anonymous_122)
FNDA:0,(anonymous_123)
FNDA:0,(anonymous_124)
FNDA:0,(anonymous_125)
FNDA:0,(anonymous_126)
FNDA:0,(anonymous_127)
FNDA:0,(anonymous_128)
FNDA:0,(anonymous_129)
FNDA:0,(anonymous_130)
FNDA:0,(anonymous_131)
FNDA:0,(anonymous_132)
FNDA:0,(anonymous_133)
FNDA:0,(anonymous_134)
FNDA:0,(anonymous_135)
FNDA:0,(anonymous_136)
FNDA:0,(anonymous_137)
FNDA:0,(anonymous_138)
FNDA:0,(anonymous_139)
FNDA:0,(anonymous_140)
FNDA:0,(anonymous_141)
FNDA:0,(anonymous_142)
FNDA:0,(anonymous_143)
FNDA:0,(anonymous_144)
FNDA:0,(anonymous_145)
FNDA:0,(anonymous_146)
FNDA:0,(anonymous_147)
FNDA:0,(anonymous_148)
FNDA:0,(anonymous_149)
FNDA:0,(anonymous_150)
FNDA:0,(anonymous_151)
FNDA:0,(anonymous_152)
FNDA:0,(anonymous_153)
FNDA:0,(anonymous_154)
FNDA:0,(anonymous_155)
FNDA:0,(anonymous_156)
FNDA:0,(anonymous_157)
FNDA:0,(anonymous_158)
FNDA:0,(anonymous_159)
FNDA:0,(anonymous_160)
FNDA:0,(anonymous_161)
FNDA:0,(anonymous_162)
FNDA:0,(anonymous_163)
FNDA:0,(anonymous_164)
FNDA:0,(anonymous_165)
FNDA:0,(anonymous_166)
FNDA:0,(anonymous_167)
FNDA:0,(anonymous_168)
FNDA:0,timelineZoom
FNDA:0,(anonymous_170)
FNDA:0,(anonymous_171)
FNDA:0,(anonymous_172)
FNDA:0,goToToday
FNDA:0,animateScroll
FNDA:0,(anonymous_175)
FNDA:0,(anonymous_176)
DA:8,0
DA:11,0
DA:13,0
DA:14,0
DA:16,0
DA:21,0
DA:22,0
DA:23,0
DA:24,0
DA:25,0
DA:26,0
DA:30,0
DA:37,0
DA:38,0
DA:39,0
DA:41,0
DA:43,0
DA:46,0
DA:47,0
DA:50,0
DA:52,0
DA:53,0
DA:54,0
DA:55,0
DA:58,0
DA:59,0
DA:63,0
DA:64,0
DA:71,0
DA:73,0
DA:74,0
DA:75,0
DA:77,0
DA:83,0
DA:84,0
DA:85,0
DA:86,0
DA:87,0
DA:89,0
DA:92,0
DA:93,0
DA:94,0
DA:95,0
DA:96,0
DA:98,0
DA:101,0
DA:102,0
DA:103,0
DA:104,0
DA:105,0
DA:107,0
DA:110,0
DA:115,0
DA:117,0
DA:118,0
DA:119,0
DA:120,0
DA:123,0
DA:124,0
DA:125,0
DA:126,0
DA:128,0
DA:129,0
DA:130,0
DA:131,0
DA:135,0
DA:136,0
DA:137,0
DA:138,0
DA:139,0
DA:140,0
DA:141,0
DA:142,0
DA:144,0
DA:148,0
DA:149,0
DA:150,0
DA:151,0
DA:152,0
DA:153,0
DA:154,0
DA:157,0
DA:160,0
DA:161,0
DA:162,0
DA:163,0
DA:167,0
DA:168,0
DA:169,0
DA:170,0
DA:171,0
DA:173,0
DA:176,0
DA:177,0
DA:178,0
DA:179,0
DA:180,0
DA:182,0
DA:185,0
DA:186,0
DA:187,0
DA:188,0
DA:189,0
DA:191,0
DA:195,0
DA:196,0
DA:197,0
DA:198,0
DA:199,0
DA:201,0
DA:205,0
DA:207,0
DA:212,0
DA:215,0
DA:216,0
DA:217,0
DA:218,0
DA:221,0
DA:222,0
DA:223,0
DA:224,0
DA:225,0
DA:226,0
DA:228,0
DA:231,0
DA:234,0
DA:235,0
DA:236,0
DA:237,0
DA:238,0
DA:239,0
DA:241,0
DA:244,0
DA:247,0
DA:248,0
DA:249,0
DA:250,0
DA:251,0
DA:252,0
DA:254,0
DA:257,0
DA:260,0
DA:261,0
DA:262,0
DA:263,0
DA:264,0
DA:265,0
DA:267,0
DA:270,0
DA:273,0
DA:278,0
DA:280,0
DA:281,0
DA:282,0
DA:285,0
DA:286,0
DA:287,0
DA:291,0
DA:294,0
DA:295,0
DA:296,0
DA:297,0
DA:298,0
DA:302,0
DA:307,0
DA:309,0
DA:310,0
DA:311,0
DA:312,0
DA:314,0
DA:315,0
DA:316,0
DA:320,0
DA:321,0
DA:323,0
DA:324,0
DA:326,0
DA:327,0
DA:332,0
DA:333,0
DA:336,0
DA:337,0
DA:339,0
DA:342,0
DA:343,0
DA:344,0
DA:345,0
DA:347,0
DA:350,0
DA:351,0
DA:352,0
DA:353,0
DA:355,0
DA:359,0
DA:360,0
DA:361,0
DA:362,0
DA:363,0
DA:364,0
DA:367,0
DA:368,0
DA:371,0
DA:372,0
DA:373,0
DA:374,0
DA:376,0
DA:377,0
DA:378,0
DA:380,0
DA:381,0
DA:384,0
DA:385,0
DA:386,0
DA:391,0
DA:395,0
DA:396,0
DA:397,0
DA:398,0
DA:401,0
DA:403,0
DA:408,0
DA:411,0
DA:412,0
DA:415,0
DA:416,0
DA:417,0
DA:420,0
DA:435,0
DA:437,0
DA:438,0
DA:440,0
DA:441,0
DA:443,0
DA:444,0
DA:445,0
DA:447,0
DA:450,0
DA:453,0
DA:454,0
DA:455,0
DA:456,0
DA:462,0
DA:464,0
DA:465,0
DA:466,0
DA:469,0
DA:470,0
DA:481,0
DA:482,0
DA:489,0
DA:490,0
DA:491,0
DA:492,0
DA:495,0
DA:497,0
DA:498,0
DA:505,0
DA:509,0
DA:510,0
DA:512,0
DA:513,0
DA:516,0
DA:517,0
DA:522,0
DA:523,0
DA:524,0
DA:526,0
DA:537,0
DA:556,0
DA:557,0
DA:558,0
DA:559,0
DA:562,0
DA:563,0
DA:564,0
DA:565,0
DA:568,0
DA:569,0
DA:570,0
DA:573,0
DA:577,0
DA:578,0
DA:580,0
DA:581,0
DA:589,0
DA:592,0
DA:593,0
DA:596,0
DA:597,0
DA:600,0
DA:601,0
DA:605,0
DA:606,0
DA:608,0
DA:609,0
DA:613,0
DA:614,0
DA:617,0
DA:618,0
DA:620,0
DA:623,0
DA:626,0
DA:627,0
DA:628,0
DA:633,0
DA:634,0
DA:639,0
DA:642,0
DA:643,0
DA:646,0
DA:647,0
DA:649,0
DA:650,0
DA:651,0
DA:653,0
DA:654,0
DA:655,0
DA:660,0
DA:662,0
DA:663,0
DA:664,0
DA:667,0
DA:669,0
DA:670,0
DA:672,0
DA:675,0
DA:676,0
DA:684,0
DA:685,0
DA:689,0
DA:690,0
DA:691,0
DA:694,0
DA:697,0
DA:699,0
DA:700,0
DA:701,0
DA:702,0
DA:704,0
DA:705,0
DA:706,0
DA:707,0
DA:709,0
DA:712,0
DA:713,0
DA:719,0
DA:721,0
DA:722,0
DA:723,0
DA:724,0
DA:727,0
DA:728,0
DA:729,0
DA:732,0
DA:734,0
DA:735,0
DA:736,0
DA:737,0
DA:738,0
DA:740,0
DA:741,0
DA:742,0
DA:743,0
DA:747,0
DA:748,0
DA:749,0
DA:751,0
DA:755,0
DA:756,0
DA:760,0
DA:761,0
DA:762,0
DA:765,0
DA:768,0
DA:773,0
DA:775,0
DA:776,0
DA:777,0
DA:780,0
DA:781,0
DA:783,0
DA:786,0
DA:787,0
DA:790,0
DA:791,0
DA:792,0
DA:795,0
DA:796,0
DA:800,0
DA:802,0
DA:805,0
DA:806,0
DA:807,0
DA:809,0
DA:810,0
DA:811,0
DA:813,0
DA:823,0
DA:824,0
DA:825,0
DA:826,0
DA:827,0
DA:829,0
DA:830,0
DA:831,0
DA:835,0
DA:839,0
DA:840,0
DA:845,0
DA:846,0
DA:847,0
DA:849,0
DA:850,0
DA:851,0
DA:853,0
DA:854,0
DA:856,0
DA:857,0
DA:860,0
DA:862,0
DA:864,0
DA:865,0
DA:867,0
DA:872,0
DA:874,0
DA:879,0
DA:881,0
DA:882,0
DA:884,0
DA:885,0
DA:886,0
DA:887,0
DA:888,0
DA:890,0
DA:891,0
DA:896,0
DA:897,0
DA:900,0
DA:901,0
DA:905,0
DA:906,0
DA:907,0
DA:910,0
DA:914,0
DA:933,0
DA:934,0
DA:935,0
DA:936,0
DA:937,0
DA:940,0
DA:942,0
DA:944,0
DA:945,0
DA:947,0
DA:950,0
DA:951,0
DA:952,0
DA:956,0
DA:961,0
DA:962,0
DA:965,0
DA:966,0
DA:967,0
DA:968,0
DA:973,0
DA:974,0
DA:979,0
DA:981,0
DA:982,0
DA:983,0
DA:986,0
DA:987,0
DA:991,0
DA:996,0
DA:997,0
DA:998,0
DA:1001,0
DA:1002,0
DA:1004,0
DA:1007,0
DA:1009,0
DA:1014,0
DA:1015,0
DA:1016,0
DA:1017,0
DA:1018,0
DA:1024,0
DA:1025,0
DA:1026,0
DA:1027,0
DA:1029,0
DA:1030,0
DA:1031,0
DA:1040,0
DA:1045,0
DA:1048,0
DA:1049,0
DA:1053,0
DA:1054,0
DA:1055,0
DA:1056,0
DA:1059,0
DA:1061,0
DA:1065,0
DA:1068,0
DA:1069,0
DA:1070,0
DA:1071,0
DA:1075,0
DA:1076,0
DA:1077,0
DA:1078,0
DA:1082,0
DA:1083,0
DA:1084,0
DA:1085,0
DA:1086,0
DA:1087,0
DA:1092,0
DA:1093,0
DA:1098,0
DA:1099,0
DA:1103,0
DA:1104,0
DA:1105,0
DA:1106,0
DA:1109,0
DA:1112,0
DA:1113,0
DA:1114,0
DA:1118,0
DA:1119,0
DA:1120,0
DA:1122,0
DA:1124,0
DA:1125,0
DA:1127,0
DA:1128,0
DA:1134,0
DA:1135,0
DA:1136,0
DA:1138,0
DA:1143,0
DA:1144,0
DA:1147,0
DA:1149,0
DA:1150,0
DA:1151,0
DA:1155,0
DA:1156,0
DA:1157,0
DA:1161,0
DA:1217,0
DA:1218,0
DA:1223,0
DA:1225,0
DA:1226,0
DA:1228,0
DA:1229,0
DA:1230,0
DA:1234,0
DA:1235,0
DA:1238,0
DA:1239,0
DA:1242,0
DA:1243,0
DA:1245,0
DA:1247,0
DA:1248,0
DA:1249,0
DA:1251,0
DA:1258,0
DA:1262,0
DA:1263,0
DA:1264,0
DA:1265,0
DA:1268,0
DA:1270,0
DA:1271,0
DA:1272,0
DA:1273,0
DA:1274,0
DA:1285,0
DA:1288,0
DA:1291,0
DA:1294,0
DA:1297,0
DA:1300,0
DA:1303,0
DA:1306,0
DA:1309,0
DA:1311,0
DA:1314,0
DA:1317,0
DA:1322,0
DA:1323,0
DA:1325,0
DA:1328,0
DA:1329,0
DA:1330,0
DA:1332,0
DA:1340,0
DA:1344,0
DA:1346,0
DA:1347,0
DA:1348,0
DA:1350,0
DA:1351,0
DA:1354,0
DA:1356,0
DA:1357,0
DA:1358,0
DA:1359,0
DA:1361,0
DA:1362,0
DA:1364,0
DA:1369,0
DA:1370,0
DA:1371,0
DA:1375,0
DA:1376,0
DA:1378,0
DA:1379,0
DA:1380,0
DA:1381,0
DA:1384,0
DA:1387,0
DA:1388,0
DA:1390,0
DA:1401,0
DA:1406,0
DA:1407,0
DA:1408,0
DA:1409,0
DA:1411,0
DA:1414,0
DA:1415,0
DA:1416,0
DA:1418,0
DA:1421,0
DA:1423,0
DA:1424,0
DA:1427,0
DA:1428,0
DA:1431,0
DA:1432,0
DA:1434,0
DA:1435,0
DA:1436,0
DA:1438,0
DA:1439,0
DA:1449,0
DA:1452,0
DA:1453,0
DA:1454,0
DA:1455,0
DA:1474,0
DA:1477,0
DA:1478,0
DA:1479,0
DA:1480,0
DA:1481,0
DA:1482,0
DA:1485,0
DA:1488,0
DA:1493,0
DA:1494,0
DA:1495,0
DA:1496,0
DA:1498,0
DA:1499,0
DA:1509,0
DA:1518,0
DA:1519,0
DA:1521,0
DA:1524,0
DA:1525,0
DA:1526,0
DA:1527,0
DA:1529,0
DA:1537,0
DA:1538,0
DA:1557,0
DA:1558,0
DA:1559,0
DA:1562,0
DA:1565,0
DA:1570,0
DA:1578,0
DA:1583,0
DA:1584,0
DA:1596,0
DA:1597,0
DA:1602,0
DA:1603,0
DA:1605,0
DA:1606,0
DA:1607,0
DA:1610,0
DA:1611,0
DA:1614,0
DA:1616,0
DA:1617,0
DA:1620,0
DA:1621,0
DA:1623,0
DA:1624,0
DA:1629,0
DA:1630,0
DA:1632,0
DA:1633,0
DA:1635,0
DA:1636,0
DA:1639,0
DA:1640,0
DA:1641,0
DA:1644,0
DA:1647,0
DA:1661,0
DA:1662,0
DA:1665,0
DA:1667,0
DA:1669,0
DA:1670,0
DA:1671,0
DA:1673,0
DA:1689,0
DA:1693,0
DA:1714,0
DA:1715,0
DA:1719,0
DA:1723,0
DA:1724,0
DA:1725,0
DA:1740,0
DA:1741,0
DA:1742,0
DA:1757,0
DA:1758,0
DA:1770,0
DA:1772,0
DA:1773,0
DA:1774,0
DA:1778,0
DA:1780,0
DA:1781,0
DA:1782,0
DA:1783,0
DA:1786,0
DA:1787,0
DA:1788,0
DA:1789,0
DA:1790,0
DA:1795,0
DA:1796,0
DA:1797,0
DA:1798,0
DA:1800,0
DA:1801,0
DA:1804,0
DA:1805,0
DA:1806,0
DA:1807,0
DA:1808,0
DA:1810,0
DA:1811,0
DA:1817,0
DA:1818,0
DA:1822,0
DA:1823,0
DA:1824,0
DA:1825,0
DA:1828,0
DA:1829,0
DA:1833,0
DA:1834,0
DA:1835,0
DA:1839,0
DA:1844,0
DA:1845,0
DA:1847,0
DA:1848,0
DA:1849,0
DA:1850,0
DA:1853,0
DA:1855,0
DA:1856,0
DA:1857,0
DA:1859,0
DA:1860,0
DA:1861,0
DA:1862,0
DA:1879,0
DA:1880,0
DA:1881,0
DA:1882,0
DA:1886,0
DA:1887,0
DA:1890,0
DA:1894,0
DA:1895,0
DA:1896,0
DA:1914,0
DA:1916,0
DA:1917,0
DA:1920,0
DA:1925,0
DA:1926,0
DA:1927,0
DA:1929,0
DA:1932,0
DA:1933,0
DA:1934,0
DA:1947,0
DA:1948,0
DA:1964,0
DA:1967,0
DA:1968,0
DA:1969,0
DA:1970,0
DA:1976,0
DA:1980,0
DA:1981,0
DA:1995,0
DA:2000,0
DA:2001,0
DA:2002,0
DA:2004,0
DA:2009,0
DA:2010,0
DA:2011,0
DA:2013,0
DA:2014,0
DA:2015,0
DA:2018,0
DA:2019,0
DA:2021,0
DA:2022,0
DA:2023,0
DA:2024,0
DA:2025,0
DA:2028,0
DA:2029,0
DA:2030,0
DA:2032,0
DA:2034,0
DA:2035,0
DA:2036,0
DA:2039,0
DA:2044,0
DA:2049,0
DA:2051,0
DA:2052,0
DA:2053,0
DA:2054,0
DA:2055,0
DA:2056,0
DA:2057,0
DA:2059,0
DA:2060,0
DA:2061,0
DA:2067,0
DA:2073,0
DA:2074,0
DA:2077,0
DA:2078,0
DA:2079,0
DA:2080,0
DA:2084,0
DA:2089,0
DA:2090,0
DA:2092,0
DA:2093,0
DA:2094,0
DA:2097,0
DA:2098,0
DA:2110,0
DA:2116,0
DA:2117,0
DA:2118,0
DA:2121,0
DA:2122,0
DA:2123,0
DA:2142,0
DA:2143,0
DA:2155,0
DA:2156,0
DA:2157,0
DA:2158,0
DA:2170,0
DA:2173,0
DA:2176,0
DA:2177,0
DA:2178,0
DA:2179,0
DA:2180,0
DA:2181,0
DA:2182,0
DA:2188,0
DA:2193,0
DA:2194,0
DA:2195,0
DA:2196,0
DA:2197,0
DA:2198,0
DA:2201,0
DA:2202,0
DA:2203,0
DA:2207,0
DA:2208,0
DA:2209,0
DA:2210,0
DA:2214,0
DA:2215,0
DA:2219,0
DA:2220,0
DA:2221,0
DA:2223,0
DA:2224,0
DA:2225,0
DA:2226,0
DA:2227,0
DA:2228,0
DA:2230,0
DA:2232,0
DA:2233,0
DA:2234,0
DA:2238,0
DA:2239,0
DA:2240,0
DA:2242,0
DA:2243,0
DA:2244,0
DA:2245,0
DA:2246,0
DA:2247,0
DA:2249,0
DA:2251,0
DA:2252,0
DA:2253,0
DA:2257,0
DA:2259,0
DA:2260,0
DA:2263,0
DA:2264,0
DA:2266,0
DA:2267,0
DA:2268,0
DA:2269,0
DA:2270,0
DA:2272,0
DA:2274,0
DA:2275,0
DA:2276,0
DA:2280,0
DA:2281,0
DA:2282,0
DA:2283,0
DA:2286,0
DA:2288,0
DA:2290,0
DA:2291,0
DA:2293,0
DA:2294,0
DA:2295,0
DA:2311,0
DA:2312,0
DA:2313,0
DA:2315,0
DA:2316,0
DA:2320,0
DA:2321,0
DA:2322,0
DA:2323,0
DA:2329,0
DA:2332,0
DA:2336,0
DA:2337,0
DA:2338,0
DA:2339,0
DA:2344,0
DA:2345,0
DA:2346,0
DA:2348,0
DA:2350,0
DA:2351,0
DA:2352,0
DA:2354,0
DA:2355,0
DA:2356,0
DA:2359,0
DA:2360,0
DA:2361,0
DA:2362,0
DA:2363,0
DA:2364,0
DA:2367,0
DA:2368,0
DA:2369,0
DA:2370,0
DA:2371,0
DA:2372,0
DA:2375,0
DA:2377,0
DA:2380,0
DA:2381,0
DA:2383,0
DA:2384,0
DA:2385,0
DA:2389,0
DA:2391,0
DA:2394,0
DA:2399,0
DA:2401,0
DA:2402,0
DA:2405,0
DA:2406,0
DA:2411,0
DA:2412,0
DA:2413,0
DA:2414,0
DA:2417,0
DA:2421,0
DA:2422,0
DA:2424,0
DA:2425,0
DA:2428,0
DA:2429,0
DA:2430,0
DA:2433,0
DA:2434,0
DA:2437,0
DA:2441,0
DA:2443,0
DA:2444,0
DA:2446,0
DA:2447,0
DA:2448,0
DA:2451,0
DA:2452,0
DA:2455,0
DA:2457,0
DA:2459,0
DA:2460,0
DA:2463,0
DA:2464,0
DA:2465,0
DA:2468,0
DA:2470,0
DA:2471,0
DA:2474,0
DA:2475,0
DA:2476,0
DA:2478,0
DA:2482,0
DA:2483,0
DA:2487,0
DA:2488,0
DA:2490,0
DA:2493,0
DA:2494,0
DA:2495,0
DA:2499,0
DA:2500,0
DA:2501,0
DA:2502,0
DA:2503,0
DA:2504,0
DA:2505,0
DA:2506,0
DA:2507,0
DA:2508,0
DA:2509,0
DA:2510,0
DA:2514,0
DA:2515,0
DA:2516,0
DA:2518,0
DA:2521,0
DA:2522,0
DA:2523,0
DA:2527,0
DA:2528,0
DA:2529,0
DA:2530,0
DA:2531,0
DA:2532,0
DA:2533,0
DA:2534,0
DA:2537,0
DA:2539,0
DA:2543,0
DA:2544,0
DA:2547,0
DA:2548,0
DA:2549,0
DA:2551,0
DA:2557,0
DA:2558,0
DA:2559,0
DA:2560,0
DA:2561,0
DA:2564,0
DA:2567,0
DA:2568,0
DA:2570,0
DA:2591,0
DA:2592,0
DA:2593,0
DA:2594,0
DA:2615,0
DA:2618,0
DA:2625,0
DA:2628,0
DA:2629,0
DA:2631,0
DA:2637,0
DA:2638,0
DA:2639,0
DA:2645,0
DA:2646,0
DA:2648,0
DA:2649,0
DA:2650,0
DA:2652,0
DA:2653,0
DA:2659,0
DA:2660,0
DA:2662,0
DA:2663,0
DA:2665,0
DA:2666,0
DA:2667,0
DA:2669,0
DA:2670,0
DA:2675,0
DA:2676,0
DA:2677,0
DA:2678,0
DA:2679,0
DA:2680,0
DA:2681,0
DA:2682,0
DA:2685,0
DA:2686,0
DA:2687,0
DA:2691,0
DA:2692,0
DA:2693,0
DA:2694,0
DA:2698,0
DA:2699,0
DA:2703,0
DA:2704,0
DA:2705,0
DA:2707,0
DA:2708,0
DA:2709,0
DA:2711,0
DA:2712,0
DA:2715,0
DA:2716,0
DA:2719,0
DA:2720,0
DA:2724,0
DA:2726,0
DA:2727,0
DA:2729,0
DA:2730,0
DA:2732,0
DA:2733,0
DA:2735,0
DA:2737,0
DA:2752,0
DA:2753,0
DA:2754,0
DA:2755,0
DA:2761,0
DA:2764,0
DA:2765,0
DA:2766,0
DA:2770,0
DA:2771,0
DA:2772,0
DA:2776,0
DA:2777,0
DA:2778,0
DA:2779,0
DA:2782,0
DA:2783,0
DA:2784,0
DA:2786,0
DA:2788,0
DA:2789,0
DA:2791,0
DA:2792,0
DA:2795,0
DA:2796,0
DA:2797,0
DA:2798,0
DA:2799,0
DA:2802,0
DA:2803,0
DA:2804,0
DA:2805,0
DA:2806,0
DA:2809,0
DA:2811,0
DA:2812,0
DA:2814,0
DA:2815,0
DA:2816,0
DA:2820,0
DA:2825,0
DA:2827,0
DA:2828,0
DA:2831,0
DA:2833,0
DA:2838,0
DA:2839,0
DA:2840,0
DA:2841,0
DA:2846,0
DA:2847,0
DA:2848,0
DA:2850,0
DA:2851,0
DA:2852,0
DA:2853,0
DA:2854,0
DA:2855,0
DA:2857,0
DA:2859,0
DA:2860,0
DA:2861,0
DA:2864,0
DA:2865,0
DA:2866,0
DA:2867,0
DA:2871,0
DA:2872,0
DA:2873,0
DA:2875,0
DA:2876,0
DA:2877,0
DA:2878,0
DA:2879,0
DA:2880,0
DA:2882,0
DA:2884,0
DA:2885,0
DA:2886,0
DA:2889,0
DA:2890,0
DA:2891,0
DA:2892,0
DA:2896,0
DA:2898,0
DA:2899,0
DA:2902,0
DA:2903,0
DA:2905,0
DA:2906,0
DA:2907,0
DA:2908,0
DA:2909,0
DA:2910,0
DA:2911,0
DA:2913,0
DA:2915,0
DA:2916,0
DA:2917,0
DA:2920,0
DA:2921,0
DA:2922,0
DA:2923,0
DA:2927,0
DA:2928,0
DA:2930,0
DA:2932,0
DA:2933,0
DA:2934,0
DA:2937,0
DA:2938,0
DA:2940,0
DA:2941,0
DA:2944,0
DA:2945,0
DA:2946,0
DA:2949,0
DA:2950,0
DA:2951,0
DA:2952,0
DA:2955,0
DA:2956,0
DA:2958,0
DA:2960,0
DA:2963,0
DA:2964,0
DA:2967,0
DA:2968,0
DA:2969,0
DA:2970,0
DA:2973,0
DA:2974,0
DA:2975,0
DA:2977,0
DA:2979,0
DA:2982,0
DA:2986,0
DA:2988,0
DA:2989,0
DA:2992,0
DA:2993,0
DA:2996,0
DA:2999,0
DA:3000,0
DA:3001,0
DA:3005,0
DA:3006,0
DA:3007,0
DA:3008,0
DA:3013,0
DA:3014,0
DA:3015,0
DA:3018,0
DA:3019,0
DA:3020,0
DA:3021,0
DA:3022,0
DA:3025,0
DA:3026,0
DA:3027,0
DA:3029,0
DA:3030,0
DA:3032,0
DA:3037,0
DA:3038,0
DA:3039,0
DA:3040,0
DA:3043,0
DA:3045,0
DA:3046,0
DA:3048,0
DA:3051,0
DA:3058,0
DA:3059,0
DA:3061,0
DA:3064,0
DA:3065,0
DA:3066,0
DA:3067,0
DA:3070,0
DA:3072,0
DA:3073,0
DA:3074,0
DA:3075,0
DA:3076,0
DA:3077,0
DA:3078,0
DA:3079,0
DA:3080,0
DA:3081,0
DA:3082,0
DA:3083,0
DA:3086,0
DA:3087,0
DA:3090,0
DA:3091,0
DA:3092,0
DA:3097,0
DA:3101,0
DA:3104,0
DA:3106,0
DA:3107,0
DA:3108,0
DA:3111,0
DA:3115,0
DA:3116,0
DA:3118,0
DA:3119,0
DA:3125,0
DA:3126,0
DA:3127,0
DA:3129,0
DA:3130,0
DA:3131,0
DA:3132,0
DA:3136,0
DA:3139,0
DA:3141,0
DA:3142,0
DA:3145,0
DA:3148,0
DA:3149,0
DA:3150,0
DA:3155,0
DA:3156,0
DA:3157,0
DA:3161,0
DA:3162,0
DA:3163,0
DA:3164,0
DA:3167,0
DA:3168,0
DA:3169,0
DA:3170,0
DA:3171,0
DA:3172,0
DA:3175,0
DA:3176,0
DA:3179,0
DA:3180,0
DA:3181,0
DA:3186,0
DA:3188,0
DA:3192,0
DA:3193,0
DA:3196,0
DA:3197,0
DA:3198,0
DA:3199,0
DA:3206,0
DA:3207,0
DA:3208,0
DA:3211,0
DA:3212,0
DA:3213,0
DA:3232,0
DA:3240,0
DA:3241,0
DA:3242,0
DA:3243,0
DA:3255,0
DA:3258,0
DA:3261,0
DA:3262,0
DA:3263,0
DA:3264,0
DA:3265,0
DA:3266,0
DA:3267,0
DA:3273,0
DA:3278,0
DA:3285,0
DA:3290,0
DA:3298,0
DA:3303,0
DA:3304,0
DA:3306,0
DA:3307,0
DA:3308,0
DA:3312,0
DA:3313,0
DA:3315,0
DA:3318,0
DA:3319,0
DA:3320,0
DA:3323,0
DA:3324,0
DA:3325,0
DA:3326,0
DA:3327,0
DA:3331,0
DA:3332,0
DA:3333,0
DA:3334,0
DA:3339,0
DA:3340,0
DA:3343,0
DA:3345,0
DA:3346,0
DA:3347,0
DA:3348,0
DA:3349,0
DA:3351,0
DA:3352,0
DA:3356,0
DA:3357,0
DA:3359,0
DA:3364,0
DA:3365,0
DA:3367,0
DA:3368,0
DA:3369,0
DA:3370,0
DA:3371,0
DA:3372,0
DA:3378,0
DA:3379,0
DA:3380,0
DA:3381,0
DA:3383,0
DA:3384,0
DA:3385,0
DA:3386,0
DA:3387,0
DA:3389,0
DA:3390,0
DA:3391,0
DA:3393,0
DA:3399,0
DA:3400,0
DA:3401,0
DA:3403,0
DA:3404,0
DA:3409,0
DA:3412,0
DA:3415,0
DA:3416,0
DA:3417,0
DA:3418,0
DA:3422,0
DA:3423,0
DA:3424,0
DA:3425,0
DA:3426,0
DA:3427,0
DA:3428,0
DA:3431,0
DA:3433,0
DA:3445,0
DA:3446,0
DA:3450,0
DA:3451,0
DA:3452,0
DA:3453,0
DA:3454,0
DA:3455,0
DA:3458,0
DA:3459,0
DA:3460,0
DA:3461,0
DA:3463,0
DA:3466,0
DA:3467,0
DA:3469,0
DA:3473,0
DA:3474,0
DA:3476,0
DA:3479,0
DA:3480,0
DA:3482,0
DA:3483,0
DA:3484,0
DA:3485,0
DA:3488,0
DA:3489,0
DA:3492,0
DA:3493,0
DA:3496,0
DA:3497,0
DA:3501,0
DA:3502,0
DA:3504,0
DA:3505,0
DA:3508,0
DA:3509,0
DA:3510,0
DA:3511,0
DA:3513,0
DA:3515,0
DA:3519,0
DA:3520,0
DA:3521,0
DA:3522,0
DA:3523,0
DA:3527,0
DA:3528,0
DA:3530,0
DA:3532,0
DA:3533,0
DA:3537,0
DA:3544,0
DA:3550,0
DA:3553,0
DA:3554,0
DA:3556,0
DA:3558,0
DA:3561,0
DA:3562,0
DA:3564,0
DA:3567,0
DA:3568,0
DA:3570,0
DA:3573,0
DA:3574,0
DA:3577,0
DA:3578,0
DA:3581,0
DA:3582,0
DA:3583,0
DA:3585,0
DA:3588,0
DA:3591,0
DA:3594,0
DA:3595,0
DA:3596,0
DA:3598,0
DA:3599,0
DA:3600,0
DA:3603,0
DA:3604,0
DA:3607,0
DA:3608,0
DA:3609,0
DA:3610,0
DA:3613,0
DA:3616,0
DA:3617,0
DA:3620,0
DA:3622,0
DA:3624,0
DA:3628,0
DA:3629,0
DA:3630,0
DA:3631,0
DA:3632,0
DA:3640,0
DA:3641,0
DA:3642,0
DA:3648,0
DA:3650,0
DA:3651,0
DA:3652,0
DA:3653,0
DA:3657,0
DA:3658,0
DA:3661,0
DA:3662,0
DA:3663,0
DA:3664,0
DA:3668,0
DA:3669,0
DA:3670,0
DA:3671,0
DA:3672,0
DA:3674,0
DA:3677,0
DA:3678,0
DA:3679,0
DA:3680,0
DA:3681,0
DA:3684,0
DA:3687,0
DA:3688,0
DA:3691,0
DA:3693,0
DA:3694,0
DA:3697,0
DA:3698,0
DA:3699,0
DA:3702,0
DA:3703,0
DA:3705,0
DA:3706,0
DA:3710,0
DA:3714,0
DA:3722,0
DA:3724,0
DA:3725,0
DA:3726,0
DA:3727,0
DA:3730,0
DA:3731,0
DA:3735,0
DA:3736,0
DA:3737,0
DA:3738,0
DA:3739,0
DA:3743,0
LF:1671
LH:0
BRDA:14,0,0,0
BRDA:14,0,1,0
BRDA:22,1,0,0
BRDA:22,1,1,0
BRDA:23,2,0,0
BRDA:23,2,1,0
BRDA:37,3,0,0
BRDA:37,3,1,0
BRDA:46,4,0,0
BRDA:46,4,1,0
BRDA:52,5,0,0
BRDA:52,5,1,0
BRDA:54,6,0,0
BRDA:54,6,1,0
BRDA:83,7,0,0
BRDA:83,7,1,0
BRDA:92,8,0,0
BRDA:92,8,1,0
BRDA:101,9,0,0
BRDA:101,9,1,0
BRDA:128,10,0,0
BRDA:128,10,1,0
BRDA:135,11,0,0
BRDA:135,11,1,0
BRDA:135,12,0,0
BRDA:135,12,1,0
BRDA:148,13,0,0
BRDA:148,13,1,0
BRDA:148,14,0,0
BRDA:148,14,1,0
BRDA:153,15,0,0
BRDA:153,15,1,0
BRDA:160,16,0,0
BRDA:160,16,1,0
BRDA:160,17,0,0
BRDA:160,17,1,0
BRDA:167,18,0,0
BRDA:167,18,1,0
BRDA:167,19,0,0
BRDA:167,19,1,0
BRDA:176,20,0,0
BRDA:176,20,1,0
BRDA:176,21,0,0
BRDA:176,21,1,0
BRDA:185,22,0,0
BRDA:185,22,1,0
BRDA:185,23,0,0
BRDA:185,23,1,0
BRDA:195,24,0,0
BRDA:195,24,1,0
BRDA:195,25,0,0
BRDA:195,25,1,0
BRDA:221,26,0,0
BRDA:221,26,1,0
BRDA:221,27,0,0
BRDA:221,27,1,0
BRDA:225,28,0,0
BRDA:225,28,1,0
BRDA:234,29,0,0
BRDA:234,29,1,0
BRDA:234,30,0,0
BRDA:234,30,1,0
BRDA:238,31,0,0
BRDA:238,31,1,0
BRDA:247,32,0,0
BRDA:247,32,1,0
BRDA:247,33,0,0
BRDA:247,33,1,0
BRDA:251,34,0,0
BRDA:251,34,1,0
BRDA:260,35,0,0
BRDA:260,35,1,0
BRDA:260,36,0,0
BRDA:260,36,1,0
BRDA:264,37,0,0
BRDA:264,37,1,0
BRDA:285,38,0,0
BRDA:285,38,1,0
BRDA:314,39,0,0
BRDA:314,39,1,0
BRDA:314,40,0,0
BRDA:314,40,1,0
BRDA:323,41,0,0
BRDA:323,41,1,0
BRDA:326,42,0,0
BRDA:326,42,1,0
BRDA:336,43,0,0
BRDA:336,43,1,0
BRDA:337,44,0,0
BRDA:337,44,1,0
BRDA:342,45,0,0
BRDA:342,45,1,0
BRDA:342,46,0,0
BRDA:342,46,1,0
BRDA:343,47,0,0
BRDA:343,47,1,0
BRDA:350,48,0,0
BRDA:350,48,1,0
BRDA:350,49,0,0
BRDA:350,49,1,0
BRDA:351,50,0,0
BRDA:351,50,1,0
BRDA:359,51,0,0
BRDA:359,51,1,0
BRDA:359,52,0,0
BRDA:359,52,1,0
BRDA:359,52,2,0
BRDA:359,52,3,0
BRDA:360,53,0,0
BRDA:360,53,1,0
BRDA:361,54,0,0
BRDA:361,54,1,0
BRDA:377,55,0,0
BRDA:377,55,1,0
BRDA:380,56,0,0
BRDA:380,56,1,0
BRDA:384,57,0,0
BRDA:384,57,1,0
BRDA:407,58,0,0
BRDA:435,59,0,0
BRDA:435,59,1,0
BRDA:435,59,2,0
BRDA:435,59,3,0
BRDA:477,60,0,0
BRDA:477,60,1,0
BRDA:481,61,0,0
BRDA:481,61,1,0
BRDA:481,62,0,0
BRDA:481,62,1,0
BRDA:490,63,0,0
BRDA:490,63,1,0
BRDA:497,64,0,0
BRDA:497,64,1,0
BRDA:523,65,0,0
BRDA:523,65,1,0
BRDA:540,66,0,0
BRDA:540,66,1,0
BRDA:542,67,0,0
BRDA:542,67,1,0
BRDA:542,68,0,0
BRDA:542,68,1,0
BRDA:547,69,0,0
BRDA:547,69,1,0
BRDA:550,70,0,0
BRDA:550,70,1,0
BRDA:582,71,0,0
BRDA:582,71,1,0
BRDA:583,72,0,0
BRDA:583,72,1,0
BRDA:584,73,0,0
BRDA:584,73,1,0
BRDA:585,74,0,0
BRDA:585,74,1,0
BRDA:586,75,0,0
BRDA:586,75,1,0
BRDA:592,76,0,0
BRDA:592,76,1,0
BRDA:596,77,0,0
BRDA:596,77,1,0
BRDA:600,78,0,0
BRDA:600,78,1,0
BRDA:608,79,0,0
BRDA:608,79,1,0
BRDA:613,80,0,0
BRDA:613,80,1,0
BRDA:613,81,0,0
BRDA:613,81,1,0
BRDA:627,82,0,0
BRDA:627,82,1,0
BRDA:649,83,0,0
BRDA:649,83,1,0
BRDA:653,84,0,0
BRDA:653,84,1,0
BRDA:662,85,0,0
BRDA:662,85,1,0
BRDA:677,86,0,0
BRDA:677,86,1,0
BRDA:678,87,0,0
BRDA:678,87,1,0
BRDA:679,88,0,0
BRDA:679,88,1,0
BRDA:680,89,0,0
BRDA:680,89,1,0
BRDA:681,90,0,0
BRDA:681,90,1,0
BRDA:682,91,0,0
BRDA:682,91,1,0
BRDA:722,92,0,0
BRDA:722,92,1,0
BRDA:727,93,0,0
BRDA:727,93,1,0
BRDA:741,94,0,0
BRDA:741,94,1,0
BRDA:748,95,0,0
BRDA:748,95,1,0
BRDA:776,96,0,0
BRDA:776,96,1,0
BRDA:792,97,0,0
BRDA:792,97,1,0
BRDA:795,98,0,0
BRDA:795,98,1,0
BRDA:807,99,0,0
BRDA:807,99,1,0
BRDA:814,100,0,0
BRDA:814,100,1,0
BRDA:815,101,0,0
BRDA:815,101,1,0
BRDA:816,102,0,0
BRDA:816,102,1,0
BRDA:817,103,0,0
BRDA:817,103,1,0
BRDA:818,104,0,0
BRDA:818,104,1,0
BRDA:819,105,0,0
BRDA:819,105,1,0
BRDA:829,106,0,0
BRDA:829,106,1,0
BRDA:853,107,0,0
BRDA:853,107,1,0
BRDA:854,108,0,0
BRDA:854,108,1,0
BRDA:854,109,0,0
BRDA:854,109,1,0
BRDA:862,110,0,0
BRDA:862,110,1,0
BRDA:862,111,0,0
BRDA:862,111,1,0
BRDA:896,112,0,0
BRDA:896,112,1,0
BRDA:905,113,0,0
BRDA:905,113,1,0
BRDA:935,114,0,0
BRDA:935,114,1,0
BRDA:936,115,0,0
BRDA:936,115,1,0
BRDA:942,116,0,0
BRDA:942,116,1,0
BRDA:942,117,0,0
BRDA:942,117,1,0
BRDA:961,118,0,0
BRDA:961,118,1,0
BRDA:962,119,0,0
BRDA:962,119,1,0
BRDA:967,120,0,0
BRDA:967,120,1,0
BRDA:982,121,0,0
BRDA:982,121,1,0
BRDA:983,122,0,0
BRDA:983,122,1,0
BRDA:986,123,0,0
BRDA:986,123,1,0
BRDA:986,124,0,0
BRDA:986,124,1,0
BRDA:997,125,0,0
BRDA:997,125,1,0
BRDA:1016,126,0,0
BRDA:1016,126,1,0
BRDA:1027,127,0,0
BRDA:1027,127,1,0
BRDA:1045,128,0,0
BRDA:1045,128,1,0
BRDA:1048,129,0,0
BRDA:1048,129,1,0
BRDA:1056,130,0,0
BRDA:1056,130,1,0
BRDA:1059,131,0,0
BRDA:1059,131,1,0
BRDA:1069,132,0,0
BRDA:1069,132,1,0
BRDA:1076,133,0,0
BRDA:1076,133,1,0
BRDA:1082,134,0,0
BRDA:1082,134,1,0
BRDA:1084,135,0,0
BRDA:1084,135,1,0
BRDA:1085,136,0,0
BRDA:1085,136,1,0
BRDA:1098,137,0,0
BRDA:1098,137,1,0
BRDA:1113,138,0,0
BRDA:1113,138,1,0
BRDA:1122,139,0,0
BRDA:1122,139,1,0
BRDA:1127,140,0,0
BRDA:1127,140,1,0
BRDA:1143,141,0,0
BRDA:1143,141,1,0
BRDA:1144,142,0,0
BRDA:1144,142,1,0
BRDA:1150,143,0,0
BRDA:1150,143,1,0
BRDA:1150,144,0,0
BRDA:1150,144,1,0
BRDA:1156,145,0,0
BRDA:1156,145,1,0
BRDA:1156,146,0,0
BRDA:1156,146,1,0
BRDA:1228,147,0,0
BRDA:1228,147,1,0
BRDA:1228,148,0,0
BRDA:1228,148,1,0
BRDA:1245,149,0,0
BRDA:1245,149,1,0
BRDA:1272,150,0,0
BRDA:1272,150,1,0
BRDA:1323,151,0,0
BRDA:1323,151,1,0
BRDA:1330,152,0,0
BRDA:1330,152,1,0
BRDA:1344,153,0,0
BRDA:1344,153,1,0
BRDA:1348,154,0,0
BRDA:1348,154,1,0
BRDA:1357,155,0,0
BRDA:1357,155,1,0
BRDA:1359,156,0,0
BRDA:1359,156,1,0
BRDA:1361,157,0,0
BRDA:1361,157,1,0
BRDA:1364,158,0,0
BRDA:1364,158,1,0
BRDA:1369,159,0,0
BRDA:1369,159,1,0
BRDA:1378,160,0,0
BRDA:1378,160,1,0
BRDA:1380,161,0,0
BRDA:1380,161,1,0
BRDA:1398,162,0,0
BRDA:1398,162,1,0
BRDA:1427,163,0,0
BRDA:1427,163,1,0
BRDA:1428,164,0,0
BRDA:1428,164,1,0
BRDA:1438,165,0,0
BRDA:1438,165,1,0
BRDA:1478,166,0,0
BRDA:1478,166,1,0
BRDA:1578,167,0,0
BRDA:1578,167,1,0
BRDA:1629,168,0,0
BRDA:1629,168,1,0
BRDA:1629,169,0,0
BRDA:1629,169,1,0
BRDA:1635,170,0,0
BRDA:1635,170,1,0
BRDA:1636,171,0,0
BRDA:1636,171,1,0
BRDA:1662,172,0,0
BRDA:1662,172,1,0
BRDA:1667,173,0,0
BRDA:1667,173,1,0
BRDA:1719,174,0,0
BRDA:1719,174,1,0
BRDA:1770,175,0,0
BRDA:1770,175,1,0
BRDA:1778,176,0,0
BRDA:1778,176,1,0
BRDA:1787,177,0,0
BRDA:1787,177,1,0
BRDA:1800,178,0,0
BRDA:1800,178,1,0
BRDA:1801,179,0,0
BRDA:1801,179,1,0
BRDA:1805,180,0,0
BRDA:1805,180,1,0
BRDA:1810,181,0,0
BRDA:1810,181,1,0
BRDA:1811,182,0,0
BRDA:1811,182,1,0
BRDA:1817,183,0,0
BRDA:1817,183,1,0
BRDA:1823,184,0,0
BRDA:1823,184,1,0
BRDA:1844,185,0,0
BRDA:1844,185,1,0
BRDA:1860,186,0,0
BRDA:1860,186,1,0
BRDA:1868,187,0,0
BRDA:1868,187,1,0
BRDA:1869,188,0,0
BRDA:1869,188,1,0
BRDA:1870,189,0,0
BRDA:1870,189,1,0
BRDA:1872,190,0,0
BRDA:1872,190,1,0
BRDA:1873,191,0,0
BRDA:1873,191,1,0
BRDA:1880,192,0,0
BRDA:1880,192,1,0
BRDA:1887,193,0,0
BRDA:1887,193,1,0
BRDA:1888,194,0,0
BRDA:1888,194,1,0
BRDA:1889,195,0,0
BRDA:1889,195,1,0
BRDA:1890,196,0,0
BRDA:1890,196,1,0
BRDA:1895,197,0,0
BRDA:1895,197,1,0
BRDA:1902,198,0,0
BRDA:1902,198,1,0
BRDA:1903,199,0,0
BRDA:1903,199,1,0
BRDA:1911,200,0,0
BRDA:1911,200,1,0
BRDA:1914,201,0,0
BRDA:1914,201,1,0
BRDA:1967,202,0,0
BRDA:1967,202,1,0
BRDA:2013,203,0,0
BRDA:2013,203,1,0
BRDA:2029,204,0,0
BRDA:2029,204,1,0
BRDA:2035,205,0,0
BRDA:2035,205,1,0
BRDA:2059,206,0,0
BRDA:2059,206,1,0
BRDA:2073,207,0,0
BRDA:2073,207,1,0
BRDA:2090,208,0,0
BRDA:2090,208,1,0
BRDA:2117,209,0,0
BRDA:2117,209,1,0
BRDA:2155,210,0,0
BRDA:2155,210,1,0
BRDA:2177,211,0,0
BRDA:2177,211,1,0
BRDA:2177,212,0,0
BRDA:2177,212,1,0
BRDA:2181,213,0,0
BRDA:2181,213,1,0
BRDA:2181,214,0,0
BRDA:2181,214,1,0
BRDA:2226,215,0,0
BRDA:2226,215,1,0
BRDA:2227,216,0,0
BRDA:2227,216,1,0
BRDA:2245,217,0,0
BRDA:2245,217,1,0
BRDA:2246,218,0,0
BRDA:2246,218,1,0
BRDA:2259,219,0,0
BRDA:2259,219,1,0
BRDA:2259,220,0,0
BRDA:2259,220,1,0
BRDA:2269,221,0,0
BRDA:2269,221,1,0
BRDA:2291,222,0,0
BRDA:2291,222,1,0
BRDA:2311,223,0,0
BRDA:2311,223,1,0
BRDA:2320,224,0,0
BRDA:2320,224,1,0
BRDA:2338,225,0,0
BRDA:2338,225,1,0
BRDA:2348,226,0,0
BRDA:2348,226,1,0
BRDA:2359,227,0,0
BRDA:2359,227,1,0
BRDA:2367,228,0,0
BRDA:2367,228,1,0
BRDA:2375,229,0,0
BRDA:2375,229,1,0
BRDA:2375,230,0,0
BRDA:2375,230,1,0
BRDA:2384,231,0,0
BRDA:2384,231,1,0
BRDA:2401,232,0,0
BRDA:2401,232,1,0
BRDA:2412,233,0,0
BRDA:2412,233,1,0
BRDA:2422,234,0,0
BRDA:2422,234,1,0
BRDA:2429,235,0,0
BRDA:2429,235,1,0
BRDA:2434,236,0,0
BRDA:2434,236,1,0
BRDA:2434,237,0,0
BRDA:2434,237,1,0
BRDA:2441,238,0,0
BRDA:2441,238,1,0
BRDA:2446,239,0,0
BRDA:2446,239,1,0
BRDA:2455,240,0,0
BRDA:2455,240,1,0
BRDA:2459,241,0,0
BRDA:2459,241,1,0
BRDA:2468,242,0,0
BRDA:2468,242,1,0
BRDA:2488,243,0,0
BRDA:2488,243,1,0
BRDA:2499,244,0,0
BRDA:2499,244,1,0
BRDA:2503,245,0,0
BRDA:2503,245,1,0
BRDA:2507,246,0,0
BRDA:2507,246,1,0
BRDA:2514,247,0,0
BRDA:2514,247,1,0
BRDA:2514,248,0,0
BRDA:2514,248,1,0
BRDA:2514,248,2,0
BRDA:2558,249,0,0
BRDA:2558,249,1,0
BRDA:2568,250,0,0
BRDA:2568,250,1,0
BRDA:2575,251,0,0
BRDA:2575,251,1,0
BRDA:2591,252,0,0
BRDA:2591,252,1,0
BRDA:2625,253,0,0
BRDA:2625,253,1,0
BRDA:2628,254,0,0
BRDA:2628,254,1,0
BRDA:2638,255,0,0
BRDA:2638,255,1,0
BRDA:2648,256,0,0
BRDA:2648,256,1,0
BRDA:2705,257,0,0
BRDA:2705,257,1,0
BRDA:2711,258,0,0
BRDA:2711,258,1,0
BRDA:2719,259,0,0
BRDA:2719,259,1,0
BRDA:2727,260,0,0
BRDA:2727,260,1,0
BRDA:2730,261,0,0
BRDA:2730,261,1,0
BRDA:2752,262,0,0
BRDA:2752,262,1,0
BRDA:2765,263,0,0
BRDA:2765,263,1,0
BRDA:2772,264,0,0
BRDA:2772,264,1,0
BRDA:2786,265,0,0
BRDA:2786,265,1,0
BRDA:2795,266,0,0
BRDA:2795,266,1,0
BRDA:2802,267,0,0
BRDA:2802,267,1,0
BRDA:2809,268,0,0
BRDA:2809,268,1,0
BRDA:2809,269,0,0
BRDA:2809,269,1,0
BRDA:2815,270,0,0
BRDA:2815,270,1,0
BRDA:2827,271,0,0
BRDA:2827,271,1,0
BRDA:2839,272,0,0
BRDA:2839,272,1,0
BRDA:2853,273,0,0
BRDA:2853,273,1,0
BRDA:2854,274,0,0
BRDA:2854,274,1,0
BRDA:2878,275,0,0
BRDA:2878,275,1,0
BRDA:2879,276,0,0
BRDA:2879,276,1,0
BRDA:2898,277,0,0
BRDA:2898,277,1,0
BRDA:2898,278,0,0
BRDA:2898,278,1,0
BRDA:2909,279,0,0
BRDA:2909,279,1,0
BRDA:2928,280,0,0
BRDA:2928,280,1,0
BRDA:2938,281,0,0
BRDA:2938,281,1,0
BRDA:2958,282,0,0
BRDA:2958,282,1,0
BRDA:2977,283,0,0
BRDA:2977,283,1,0
BRDA:2977,284,0,0
BRDA:2977,284,1,0
BRDA:2986,285,0,0
BRDA:2986,285,1,0
BRDA:2986,286,0,0
BRDA:2986,286,1,0
BRDA:2999,287,0,0
BRDA:2999,287,1,0
BRDA:3007,288,0,0
BRDA:3007,288,1,0
BRDA:3007,289,0,0
BRDA:3007,289,1,0
BRDA:3029,290,0,0
BRDA:3029,290,1,0
BRDA:3038,291,0,0
BRDA:3038,291,1,0
BRDA:3043,292,0,0
BRDA:3043,292,1,0
BRDA:3043,293,0,0
BRDA:3043,293,1,0
BRDA:3045,294,0,0
BRDA:3045,294,1,0
BRDA:3059,295,0,0
BRDA:3059,295,1,0
BRDA:3072,296,0,0
BRDA:3072,296,1,0
BRDA:3076,297,0,0
BRDA:3076,297,1,0
BRDA:3080,298,0,0
BRDA:3080,298,1,0
BRDA:3080,299,0,0
BRDA:3080,299,1,0
BRDA:3086,300,0,0
BRDA:3086,300,1,0
BRDA:3086,301,0,0
BRDA:3086,301,1,0
BRDA:3097,302,0,0
BRDA:3097,302,1,0
BRDA:3097,303,0,0
BRDA:3097,303,1,0
BRDA:3097,303,2,0
BRDA:3104,304,0,0
BRDA:3104,304,1,0
BRDA:3104,305,0,0
BRDA:3104,305,1,0
BRDA:3125,306,0,0
BRDA:3125,306,1,0
BRDA:3125,307,0,0
BRDA:3125,307,1,0
BRDA:3125,307,2,0
BRDA:3130,308,0,0
BRDA:3130,308,1,0
BRDA:3131,309,0,0
BRDA:3131,309,1,0
BRDA:3136,310,0,0
BRDA:3136,310,1,0
BRDA:3136,311,0,0
BRDA:3136,311,1,0
BRDA:3141,312,0,0
BRDA:3141,312,1,0
BRDA:3148,313,0,0
BRDA:3148,313,1,0
BRDA:3180,314,0,0
BRDA:3180,314,1,0
BRDA:3207,315,0,0
BRDA:3207,315,1,0
BRDA:3240,316,0,0
BRDA:3240,316,1,0
BRDA:3262,317,0,0
BRDA:3262,317,1,0
BRDA:3262,318,0,0
BRDA:3262,318,1,0
BRDA:3266,319,0,0
BRDA:3266,319,1,0
BRDA:3266,320,0,0
BRDA:3266,320,1,0
BRDA:3285,321,0,0
BRDA:3285,321,1,0
BRDA:3298,322,0,0
BRDA:3298,322,1,0
BRDA:3306,323,0,0
BRDA:3306,323,1,0
BRDA:3306,324,0,0
BRDA:3306,324,1,0
BRDA:3320,325,0,0
BRDA:3320,325,1,0
BRDA:3323,326,0,0
BRDA:3323,326,1,0
BRDA:3323,327,0,0
BRDA:3323,327,1,0
BRDA:3325,328,0,0
BRDA:3325,328,1,0
BRDA:3331,329,0,0
BRDA:3331,329,1,0
BRDA:3331,330,0,0
BRDA:3331,330,1,0
BRDA:3345,331,0,0
BRDA:3345,331,1,0
BRDA:3345,332,0,0
BRDA:3345,332,1,0
BRDA:3345,332,2,0
BRDA:3347,333,0,0
BRDA:3347,333,1,0
BRDA:3367,334,0,0
BRDA:3367,334,1,0
BRDA:3367,335,0,0
BRDA:3367,335,1,0
BRDA:3367,335,2,0
BRDA:3378,336,0,0
BRDA:3378,336,1,0
BRDA:3383,337,0,0
BRDA:3383,337,1,0
BRDA:3383,338,0,0
BRDA:3383,338,1,0
BRDA:3386,339,0,0
BRDA:3386,339,1,0
BRDA:3403,340,0,0
BRDA:3403,340,1,0
BRDA:3403,341,0,0
BRDA:3403,341,1,0
BRDA:3417,342,0,0
BRDA:3417,342,1,0
BRDA:3433,343,0,0
BRDA:3433,343,1,0
BRDA:3433,344,0,0
BRDA:3433,344,1,0
BRDA:3433,344,2,0
BRDA:3433,344,3,0
BRDA:3433,344,4,0
BRDA:3433,344,5,0
BRDA:3433,344,6,0
BRDA:3433,344,7,0
BRDA:3433,344,8,0
BRDA:3433,344,9,0
BRDA:3433,344,10,0
BRDA:3433,344,11,0
BRDA:3460,345,0,0
BRDA:3460,345,1,0
BRDA:3474,346,0,0
BRDA:3474,346,1,0
BRDA:3482,347,0,0
BRDA:3482,347,1,0
BRDA:3485,348,0,0
BRDA:3485,348,1,0
BRDA:3502,349,0,0
BRDA:3502,349,1,0
BRDA:3510,350,0,0
BRDA:3510,350,1,0
BRDA:3522,351,0,0
BRDA:3522,351,1,0
BRDA:3558,352,0,0
BRDA:3558,352,1,0
BRDA:3558,352,2,0
BRDA:3561,353,0,0
BRDA:3561,353,1,0
BRDA:3567,354,0,0
BRDA:3567,354,1,0
BRDA:3577,355,0,0
BRDA:3577,355,1,0
BRDA:3596,356,0,0
BRDA:3596,356,1,0
BRDA:3596,357,0,0
BRDA:3596,357,1,0
BRDA:3609,358,0,0
BRDA:3609,358,1,0
BRDA:3617,359,0,0
BRDA:3617,359,1,0
BRDA:3631,360,0,0
BRDA:3631,360,1,0
BRDA:3631,361,0,0
BRDA:3631,361,1,0
BRDA:3640,362,0,0
BRDA:3640,362,1,0
BRDA:3651,363,0,0
BRDA:3651,363,1,0
BRDA:3662,364,0,0
BRDA:3662,364,1,0
BRDA:3698,365,0,0
BRDA:3698,365,1,0
BRDA:3702,366,0,0
BRDA:3702,366,1,0
BRDA:3724,367,0,0
BRDA:3724,367,1,0
BRDA:3736,368,0,0
BRDA:3736,368,1,0
BRF:757
BRH:0
end_of_record
TN:
SF:src\js\config-manager.js
FN:11,(anonymous_0)
FN:23,(anonymous_1)
FN:43,(anonymous_2)
FN:52,(anonymous_3)
FN:65,(anonymous_4)
FN:73,(anonymous_5)
FN:82,(anonymous_6)
FN:111,(anonymous_7)
FN:185,(anonymous_8)
FN:207,(anonymous_9)
FNF:10
FNH:10
FNDA:27,(anonymous_0)
FNDA:122,(anonymous_1)
FNDA:5,(anonymous_2)
FNDA:1,(anonymous_3)
FNDA:6,(anonymous_4)
FNDA:1,(anonymous_5)
FNDA:27,(anonymous_6)
FNDA:27,(anonymous_7)
FNDA:27,(anonymous_8)
FNDA:5,(anonymous_9)
DA:12,27
DA:13,27
DA:14,27
DA:25,122
DA:26,122
DA:27,68
DA:31,54
DA:32,51
DA:35,3
DA:44,5
DA:45,5
DA:53,1
DA:54,1
DA:55,43
DA:57,1
DA:66,6
DA:74,1
DA:84,27
DA:85,27
DA:89,0
DA:90,0
DA:94,0
DA:95,0
DA:96,0
DA:99,0
DA:100,0
DA:104,0
DA:113,27
DA:114,27
DA:115,27
DA:118,27
DA:119,27
DA:120,27
DA:121,27
DA:124,27
DA:125,27
DA:126,27
DA:127,27
DA:130,27
DA:131,27
DA:132,27
DA:135,27
DA:136,27
DA:137,27
DA:140,27
DA:141,27
DA:142,27
DA:143,27
DA:144,27
DA:145,27
DA:148,27
DA:149,27
DA:150,27
DA:151,27
DA:152,27
DA:153,27
DA:156,27
DA:157,27
DA:158,27
DA:159,27
DA:162,27
DA:163,27
DA:164,27
DA:165,27
DA:168,27
DA:169,27
DA:170,27
DA:173,27
DA:174,27
DA:175,27
DA:178,27
DA:186,27
DA:187,27
DA:188,27
DA:190,27
DA:191,2
DA:194,1
DA:195,2
DA:199,1
DA:208,5
DA:209,5
DA:212,5
DA:213,221
DA:214,5
DA:215,5
DA:219,5
DA:220,5
DA:222,0
DA:228,8
LF:89
LH:80
BRDA:23,0,0,50
BRDA:26,1,0,68
BRDA:26,1,1,54
BRDA:31,2,0,51
BRDA:31,2,1,3
BRDA:84,3,0,27
BRDA:84,3,1,0
BRDA:84,4,0,27
BRDA:84,4,1,27
BRDA:89,5,0,0
BRDA:89,5,1,0
BRDA:94,6,0,0
BRDA:94,6,1,0
BRDA:99,7,0,0
BRDA:99,7,1,0
BRDA:99,8,0,0
BRDA:99,8,1,0
BRDA:99,8,2,0
BRDA:190,9,0,2
BRDA:190,9,1,25
BRDA:213,10,0,5
BRDA:213,10,1,216
BRF:22
BRH:12
end_of_record
TN:
SF:src\js\csv-manager.js
FN:15,(anonymous_0)
FN:24,(anonymous_1)
FN:34,(anonymous_2)
FN:38,(anonymous_3)
FN:48,(anonymous_4)
FN:99,(anonymous_5)
FN:134,(anonymous_6)
FN:143,(anonymous_7)
FN:170,(anonymous_8)
FN:212,(anonymous_9)
FN:271,(anonymous_10)
FN:313,(anonymous_11)
FN:323,(anonymous_12)
FN:332,(anonymous_13)
FN:352,(anonymous_14)
FN:360,(anonymous_15)
FN:369,(anonymous_16)
FN:382,(anonymous_17)
FN:415,(anonymous_18)
FN:433,(anonymous_19)
FN:452,(anonymous_20)
FN:472,(anonymous_21)
FN:490,(anonymous_22)
FNF:23
FNH:7
FNDA:33,(anonymous_0)
FNDA:3,(anonymous_1)
FNDA:7,(anonymous_2)
FNDA:18,(anonymous_3)
FNDA:5,(anonymous_4)
FNDA:0,(anonymous_5)
FNDA:0,(anonymous_6)
FNDA:0,(anonymous_7)
FNDA:11,(anonymous_8)
FNDA:5,(anonymous_9)
FNDA:0,(anonymous_10)
FNDA:0,(anonymous_11)
FNDA:0,(anonymous_12)
FNDA:0,(anonymous_13)
FNDA:0,(anonymous_14)
FNDA:0,(anonymous_15)
FNDA:0,(anonymous_16)
FNDA:0,(anonymous_17)
FNDA:0,(anonymous_18)
FNDA:0,(anonymous_19)
FNDA:0,(anonymous_20)
FNDA:0,(anonymous_21)
FNDA:0,(anonymous_22)
DA:25,3
DA:26,0
DA:29,3
DA:30,3
DA:31,0
DA:34,7
DA:37,3
DA:38,18
DA:40,3
DA:49,5
DA:55,5
DA:56,1
DA:57,1
DA:60,4
DA:61,4
DA:62,1
DA:63,1
DA:66,3
DA:67,3
DA:70,3
DA:71,5
DA:72,5
DA:74,5
DA:76,5
DA:77,5
DA:78,5
DA:82,5
DA:83,3
DA:86,0
DA:90,3
DA:100,0
DA:101,0
DA:104,0
DA:105,0
DA:108,0
DA:111,0
DA:114,0
DA:115,0
DA:116,0
DA:119,0
DA:121,0
DA:126,0
DA:135,0
DA:144,0
DA:146,0
DA:149,0
DA:150,0
DA:151,0
DA:153,0
DA:154,0
DA:155,0
DA:157,0
DA:158,0
DA:159,0
DA:161,0
DA:171,11
DA:172,11
DA:173,11
DA:175,11
DA:176,160
DA:177,160
DA:179,160
DA:180,6
DA:182,2
DA:183,2
DA:186,4
DA:188,154
DA:190,15
DA:191,15
DA:193,139
DA:198,11
DA:200,11
DA:213,5
DA:214,2
DA:215,2
DA:218,3
DA:226,3
DA:227,8
DA:228,8
DA:230,8
DA:232,0
DA:233,0
DA:235,1
DA:236,1
DA:238,0
DA:239,0
DA:241,0
DA:242,0
DA:245,0
DA:246,0
DA:249,0
DA:250,0
DA:255,3
DA:256,3
DA:257,3
DA:259,3
DA:272,0
DA:273,0
DA:274,0
DA:277,0
DA:280,0
DA:281,0
DA:282,0
DA:284,0
DA:286,0
DA:289,0
DA:290,0
DA:292,0
DA:293,0
DA:297,0
DA:298,0
DA:300,0
DA:304,0
DA:314,0
DA:323,0
DA:333,0
DA:352,0
DA:361,0
DA:370,0
DA:383,0
DA:386,0
DA:387,0
DA:391,0
DA:392,0
DA:393,0
DA:394,0
DA:396,0
DA:397,0
DA:398,0
DA:402,0
DA:403,0
DA:416,0
DA:417,0
DA:418,0
DA:419,0
DA:421,0
DA:434,0
DA:435,0
DA:438,0
DA:439,0
DA:441,0
DA:442,0
DA:453,0
DA:463,0
DA:473,0
DA:481,0
DA:491,0
DA:492,0
DA:496,0
DA:498,0
DA:499,0
DA:502,0
LF:152
LH:58
BRDA:25,0,0,0
BRDA:25,0,1,3
BRDA:25,1,0,3
BRDA:25,1,1,3
BRDA:30,2,0,0
BRDA:30,2,1,3
BRDA:40,3,0,0
BRDA:40,3,1,3
BRDA:55,4,0,1
BRDA:55,4,1,4
BRDA:55,5,0,5
BRDA:55,5,1,4
BRDA:61,6,0,1
BRDA:61,6,1,3
BRDA:74,7,0,0
BRDA:74,7,1,5
BRDA:78,8,0,0
BRDA:78,8,1,5
BRDA:82,9,0,3
BRDA:82,9,1,2
BRDA:99,10,0,0
BRDA:100,11,0,0
BRDA:100,11,1,0
BRDA:100,12,0,0
BRDA:100,12,1,0
BRDA:104,13,0,0
BRDA:104,13,1,0
BRDA:105,14,0,0
BRDA:105,14,1,0
BRDA:111,15,0,0
BRDA:111,15,1,0
BRDA:116,16,0,0
BRDA:116,16,1,0
BRDA:121,17,0,0
BRDA:121,17,1,0
BRDA:134,18,0,0
BRDA:135,19,0,0
BRDA:135,19,1,0
BRDA:143,20,0,0
BRDA:144,21,0,0
BRDA:144,21,1,0
BRDA:179,22,0,6
BRDA:179,22,1,154
BRDA:180,23,0,2
BRDA:180,23,1,4
BRDA:180,24,0,6
BRDA:180,24,1,4
BRDA:188,25,0,15
BRDA:188,25,1,139
BRDA:188,26,0,154
BRDA:188,26,1,15
BRDA:213,27,0,2
BRDA:213,27,1,3
BRDA:230,28,0,0
BRDA:230,28,1,1
BRDA:230,28,2,0
BRDA:230,28,3,0
BRDA:230,28,4,0
BRDA:230,28,5,0
BRDA:230,28,6,0
BRDA:230,28,7,0
BRDA:245,29,0,0
BRDA:245,29,1,0
BRDA:249,30,0,0
BRDA:249,30,1,0
BRDA:255,31,0,3
BRDA:255,31,1,3
BRDA:256,32,0,3
BRDA:256,32,1,3
BRDA:257,33,0,3
BRDA:257,33,1,3
BRDA:272,34,0,0
BRDA:272,34,1,0
BRDA:284,35,0,0
BRDA:284,35,1,0
BRDA:286,36,0,0
BRDA:286,36,1,0
BRDA:286,36,2,0
BRDA:286,36,3,0
BRDA:286,36,4,0
BRDA:286,36,5,0
BRDA:286,36,6,0
BRDA:315,37,0,0
BRDA:315,37,1,0
BRDA:316,38,0,0
BRDA:316,38,1,0
BRDA:317,39,0,0
BRDA:317,39,1,0
BRDA:318,40,0,0
BRDA:318,40,1,0
BRDA:319,41,0,0
BRDA:319,41,1,0
BRDA:320,42,0,0
BRDA:320,42,1,0
BRDA:334,43,0,0
BRDA:334,43,1,0
BRDA:335,44,0,0
BRDA:335,44,1,0
BRDA:336,45,0,0
BRDA:336,45,1,0
BRDA:337,46,0,0
BRDA:337,46,1,0
BRDA:338,47,0,0
BRDA:338,47,1,0
BRDA:339,48,0,0
BRDA:339,48,1,0
BRDA:340,49,0,0
BRDA:340,49,1,0
BRDA:341,50,0,0
BRDA:341,50,1,0
BRDA:342,51,0,0
BRDA:342,51,1,0
BRDA:343,52,0,0
BRDA:343,52,1,0
BRDA:344,53,0,0
BRDA:344,53,1,0
BRDA:345,54,0,0
BRDA:345,54,1,0
BRDA:346,55,0,0
BRDA:346,55,1,0
BRDA:347,56,0,0
BRDA:347,56,1,0
BRDA:348,57,0,0
BRDA:348,57,1,0
BRDA:349,58,0,0
BRDA:349,58,1,0
BRDA:383,59,0,0
BRDA:383,59,1,0
BRDA:386,60,0,0
BRDA:386,60,1,0
BRDA:392,61,0,0
BRDA:392,61,1,0
BRDA:396,62,0,0
BRDA:396,62,1,0
BRDA:417,63,0,0
BRDA:417,63,1,0
BRDA:434,64,0,0
BRDA:434,64,1,0
BRDA:434,65,0,0
BRDA:434,65,1,0
BRDA:463,66,0,0
BRDA:463,66,1,0
BRDA:481,67,0,0
BRDA:481,67,1,0
BRDA:491,68,0,0
BRDA:491,68,1,0
BRDA:496,69,0,0
BRDA:496,69,1,0
BRDA:496,70,0,0
BRDA:496,70,1,0
BRDA:496,70,2,0
BRF:151
BRH:34
end_of_record
TN:
SF:src\js\data-persistence-enhanced.js
FN:16,(anonymous_0)
FN:36,(anonymous_1)
FN:80,(anonymous_2)
FN:144,(anonymous_3)
FN:203,(anonymous_4)
FN:236,(anonymous_5)
FN:281,(anonymous_6)
FN:297,(anonymous_7)
FN:349,(anonymous_8)
FN:437,(anonymous_9)
FN:457,(anonymous_10)
FN:488,(anonymous_11)
FN:536,(anonymous_12)
FN:551,(anonymous_13)
FN:566,(anonymous_14)
FN:568,(anonymous_15)
FN:575,(anonymous_16)
FN:584,(anonymous_17)
FN:588,(anonymous_18)
FN:590,(anonymous_19)
FN:613,(anonymous_20)
FN:638,(anonymous_21)
FN:650,(anonymous_22)
FN:679,(anonymous_23)
FN:695,(anonymous_24)
FN:715,(anonymous_25)
FN:718,(anonymous_26)
FN:734,(anonymous_27)
FN:755,(anonymous_28)
FN:774,(anonymous_29)
FN:787,(anonymous_30)
FN:791,(anonymous_31)
FN:792,(anonymous_32)
FN:796,(anonymous_33)
FN:821,(anonymous_34)
FN:829,(anonymous_35)
FN:839,(anonymous_36)
FN:847,(anonymous_37)
FN:868,(anonymous_38)
FN:902,(anonymous_39)
FN:906,(anonymous_40)
FN:911,(anonymous_41)
FN:915,(anonymous_42)
FN:919,(anonymous_43)
FN:925,(anonymous_44)
FN:930,(anonymous_45)
FN:935,(anonymous_46)
FN:940,(anonymous_47)
FN:952,(anonymous_48)
FN:957,(anonymous_49)
FN:962,(anonymous_50)
FN:964,(anonymous_51)
FN:968,(anonymous_52)
FN:982,(anonymous_53)
FN:996,(anonymous_54)
FN:1012,(anonymous_55)
FN:1033,(anonymous_56)
FNF:57
FNH:0
FNDA:0,(anonymous_0)
FNDA:0,(anonymous_1)
FNDA:0,(anonymous_2)
FNDA:0,(anonymous_3)
FNDA:0,(anonymous_4)
FNDA:0,(anonymous_5)
FNDA:0,(anonymous_6)
FNDA:0,(anonymous_7)
FNDA:0,(anonymous_8)
FNDA:0,(anonymous_9)
FNDA:0,(anonymous_10)
FNDA:0,(anonymous_11)
FNDA:0,(anonymous_12)
FNDA:0,(anonymous_13)
FNDA:0,(anonymous_14)
FNDA:0,(anonymous_15)
FNDA:0,(anonymous_16)
FNDA:0,(anonymous_17)
FNDA:0,(anonymous_18)
FNDA:0,(anonymous_19)
FNDA:0,(anonymous_20)
FNDA:0,(anonymous_21)
FNDA:0,(anonymous_22)
FNDA:0,(anonymous_23)
FNDA:0,(anonymous_24)
FNDA:0,(anonymous_25)
FNDA:0,(anonymous_26)
FNDA:0,(anonymous_27)
FNDA:0,(anonymous_28)
FNDA:0,(anonymous_29)
FNDA:0,(anonymous_30)
FNDA:0,(anonymous_31)
FNDA:0,(anonymous_32)
FNDA:0,(anonymous_33)
FNDA:0,(anonymous_34)
FNDA:0,(anonymous_35)
FNDA:0,(anonymous_36)
FNDA:0,(anonymous_37)
FNDA:0,(anonymous_38)
FNDA:0,(anonymous_39)
FNDA:0,(anonymous_40)
FNDA:0,(anonymous_41)
FNDA:0,(anonymous_42)
FNDA:0,(anonymous_43)
FNDA:0,(anonymous_44)
FNDA:0,(anonymous_45)
FNDA:0,(anonymous_46)
FNDA:0,(anonymous_47)
FNDA:0,(anonymous_48)
FNDA:0,(anonymous_49)
FNDA:0,(anonymous_50)
FNDA:0,(anonymous_51)
FNDA:0,(anonymous_52)
FNDA:0,(anonymous_53)
FNDA:0,(anonymous_54)
FNDA:0,(anonymous_55)
FNDA:0,(anonymous_56)
DA:17,0
DA:18,0
DA:19,0
DA:20,0
DA:21,0
DA:22,0
DA:24,0
DA:25,0
DA:27,0
DA:29,0
DA:30,0
DA:37,0
DA:39,0
DA:40,0
DA:43,0
DA:46,0
DA:49,0
DA:50,0
DA:54,0
DA:56,0
DA:58,0
DA:64,0
DA:67,0
DA:68,0
DA:69,0
DA:81,0
DA:82,0
DA:85,0
DA:86,0
DA:87,0
DA:88,0
DA:93,0
DA:94,0
DA:98,0
DA:99,0
DA:102,0
DA:105,0
DA:112,0
DA:114,0
DA:120,0
DA:127,0
DA:130,0
DA:131,0
DA:133,0
DA:134,0
DA:145,0
DA:146,0
DA:147,0
DA:150,0
DA:151,0
DA:155,0
DA:156,0
DA:157,0
DA:161,0
DA:164,0
DA:165,0
DA:166,0
DA:167,0
DA:171,0
DA:172,0
DA:177,0
DA:179,0
DA:184,0
DA:186,0
DA:189,0
DA:190,0
DA:192,0
DA:193,0
DA:204,0
DA:205,0
DA:208,0
DA:209,0
DA:213,0
DA:216,0
DA:218,0
DA:220,0
DA:222,0
DA:225,0
DA:226,0
DA:227,0
DA:237,0
DA:238,0
DA:239,0
DA:242,0
DA:244,0
DA:245,0
DA:246,0
DA:247,0
DA:249,0
DA:258,0
DA:259,0
DA:263,0
DA:264,0
DA:267,0
DA:270,0
DA:271,0
DA:272,0
DA:282,0
DA:283,0
DA:284,0
DA:286,0
DA:297,0
DA:300,0
DA:301,0
DA:302,0
DA:303,0
DA:308,0
DA:309,0
DA:310,0
DA:316,0
DA:317,0
DA:318,0
DA:321,0
DA:323,0
DA:328,0
DA:334,0
DA:337,0
DA:338,0
DA:339,0
DA:350,0
DA:351,0
DA:352,0
DA:355,0
DA:356,0
DA:357,0
DA:361,0
DA:362,0
DA:369,0
DA:370,0
DA:373,0
DA:379,0
DA:382,0
DA:383,0
DA:387,0
DA:388,0
DA:390,0
DA:391,0
DA:392,0
DA:396,0
DA:399,0
DA:400,0
DA:403,0
DA:404,0
DA:408,0
DA:410,0
DA:417,0
DA:422,0
DA:425,0
DA:426,0
DA:427,0
DA:438,0
DA:439,0
DA:440,0
DA:442,0
DA:445,0
DA:446,0
DA:447,0
DA:458,0
DA:459,0
DA:462,0
DA:463,0
DA:464,0
DA:468,0
DA:471,0
DA:472,0
DA:474,0
DA:478,0
DA:479,0
DA:480,0
DA:489,0
DA:490,0
DA:504,0
DA:506,0
DA:507,0
DA:508,0
DA:511,0
DA:512,0
DA:515,0
DA:516,0
DA:517,0
DA:518,0
DA:519,0
DA:521,0
DA:525,0
DA:526,0
DA:527,0
DA:529,0
DA:530,0
DA:535,0
DA:536,0
DA:538,0
DA:541,0
DA:542,0
DA:552,0
DA:553,0
DA:554,0
DA:556,0
DA:568,0
DA:569,0
DA:570,0
DA:575,0
DA:576,0
DA:586,0
DA:589,0
DA:590,0
DA:591,0
DA:592,0
DA:594,0
DA:595,0
DA:597,0
DA:598,0
DA:602,0
DA:614,0
DA:615,0
DA:616,0
DA:618,0
DA:619,0
DA:621,0
DA:622,0
DA:625,0
DA:627,0
DA:630,0
DA:639,0
DA:640,0
DA:641,0
DA:643,0
DA:644,0
DA:650,0
DA:653,0
DA:654,0
DA:658,0
DA:660,0
DA:666,0
DA:670,0
DA:671,0
DA:680,0
DA:681,0
DA:682,0
DA:683,0
DA:684,0
DA:687,0
DA:696,0
DA:698,0
DA:699,0
DA:700,0
DA:702,0
DA:703,0
DA:704,0
DA:708,0
DA:716,0
DA:718,0
DA:719,0
DA:720,0
DA:721,0
DA:723,0
DA:727,0
DA:735,0
DA:736,0
DA:738,0
DA:739,0
DA:747,0
DA:748,0
DA:756,0
DA:758,0
DA:759,0
DA:766,0
DA:767,0
DA:775,0
DA:776,0
DA:779,0
DA:788,0
DA:789,0
DA:790,0
DA:791,0
DA:792,0
DA:796,0
DA:799,0
DA:800,0
DA:802,0
DA:803,0
DA:806,0
DA:813,0
DA:822,0
DA:830,0
DA:831,0
DA:832,0
DA:840,0
DA:848,0
DA:851,0
DA:852,0
DA:853,0
DA:857,0
DA:858,0
DA:861,0
DA:869,0
DA:872,0
DA:873,0
DA:874,0
DA:877,0
DA:878,0
DA:880,0
DA:886,0
DA:887,0
DA:888,0
DA:892,0
DA:893,0
DA:894,0
DA:897,0
DA:903,0
DA:907,0
DA:908,0
DA:912,0
DA:916,0
DA:920,0
DA:926,0
DA:927,0
DA:931,0
DA:932,0
DA:936,0
DA:937,0
DA:942,0
DA:943,0
DA:944,0
DA:945,0
DA:946,0
DA:947,0
DA:949,0
DA:954,0
DA:959,0
DA:963,0
DA:964,0
DA:965,0
DA:969,0
DA:970,0
DA:971,0
DA:972,0
DA:974,0
DA:983,0
DA:985,0
DA:986,0
DA:989,0
DA:992,0
DA:997,0
DA:998,0
DA:999,0
DA:1001,0
DA:1002,0
DA:1004,0
DA:1007,0
DA:1008,0
DA:1013,0
DA:1014,0
DA:1016,0
DA:1017,0
DA:1019,0
DA:1022,0
DA:1023,0
DA:1029,0
DA:1032,0
DA:1033,0
DA:1034,0
DA:1035,0
DA:1037,0
LF:363
LH:0
BRDA:27,0,0,0
BRDA:27,0,1,0
BRDA:37,1,0,0
BRDA:37,1,1,0
BRDA:49,2,0,0
BRDA:49,2,1,0
BRDA:80,3,0,0
BRDA:85,4,0,0
BRDA:85,4,1,0
BRDA:87,5,0,0
BRDA:87,5,1,0
BRDA:93,6,0,0
BRDA:93,6,1,0
BRDA:93,7,0,0
BRDA:93,7,1,0
BRDA:144,8,0,0
BRDA:150,9,0,0
BRDA:150,9,1,0
BRDA:151,10,0,0
BRDA:151,10,1,0
BRDA:156,11,0,0
BRDA:156,11,1,0
BRDA:157,12,0,0
BRDA:157,12,1,0
BRDA:164,13,0,0
BRDA:164,13,1,0
BRDA:164,14,0,0
BRDA:164,14,1,0
BRDA:166,15,0,0
BRDA:166,15,1,0
BRDA:171,16,0,0
BRDA:171,16,1,0
BRDA:193,17,0,0
BRDA:193,17,1,0
BRDA:203,18,0,0
BRDA:208,19,0,0
BRDA:208,19,1,0
BRDA:236,20,0,0
BRDA:245,21,0,0
BRDA:245,21,1,0
BRDA:245,22,0,0
BRDA:245,22,1,0
BRDA:245,22,2,0
BRDA:258,23,0,0
BRDA:258,23,1,0
BRDA:263,24,0,0
BRDA:263,24,1,0
BRDA:281,25,0,0
BRDA:297,26,0,0
BRDA:297,26,1,0
BRDA:302,27,0,0
BRDA:302,27,1,0
BRDA:309,28,0,0
BRDA:309,28,1,0
BRDA:316,29,0,0
BRDA:316,29,1,0
BRDA:349,30,0,0
BRDA:356,31,0,0
BRDA:356,31,1,0
BRDA:361,32,0,0
BRDA:361,32,1,0
BRDA:369,33,0,0
BRDA:369,33,1,0
BRDA:382,34,0,0
BRDA:382,34,1,0
BRDA:390,35,0,0
BRDA:390,35,1,0
BRDA:390,36,0,0
BRDA:390,36,1,0
BRDA:437,37,0,0
BRDA:437,38,0,0
BRDA:439,39,0,0
BRDA:439,39,1,0
BRDA:457,40,0,0
BRDA:463,41,0,0
BRDA:463,41,1,0
BRDA:471,42,0,0
BRDA:471,42,1,0
BRDA:508,43,0,0
BRDA:508,43,1,0
BRDA:511,44,0,0
BRDA:511,44,1,0
BRDA:512,45,0,0
BRDA:512,45,1,0
BRDA:515,46,0,0
BRDA:515,46,1,0
BRDA:516,47,0,0
BRDA:516,47,1,0
BRDA:518,48,0,0
BRDA:518,48,1,0
BRDA:525,49,0,0
BRDA:525,49,1,0
BRDA:526,50,0,0
BRDA:526,50,1,0
BRDA:526,51,0,0
BRDA:526,51,1,0
BRDA:529,52,0,0
BRDA:529,52,1,0
BRDA:529,53,0,0
BRDA:529,53,1,0
BRDA:569,54,0,0
BRDA:569,54,1,0
BRDA:589,55,0,0
BRDA:589,55,1,0
BRDA:589,56,0,0
BRDA:589,56,1,0
BRDA:591,57,0,0
BRDA:591,57,1,0
BRDA:594,58,0,0
BRDA:594,58,1,0
BRDA:597,59,0,0
BRDA:597,59,1,0
BRDA:621,60,0,0
BRDA:621,60,1,0
BRDA:621,61,0,0
BRDA:621,61,1,0
BRDA:641,62,0,0
BRDA:641,62,1,0
BRDA:643,63,0,0
BRDA:643,63,1,0
BRDA:682,64,0,0
BRDA:682,64,1,0
BRDA:702,65,0,0
BRDA:702,65,1,0
BRDA:734,66,0,0
BRDA:736,67,0,0
BRDA:736,67,1,0
BRDA:755,68,0,0
BRDA:799,69,0,0
BRDA:799,69,1,0
BRDA:829,70,0,0
BRDA:831,71,0,0
BRDA:831,71,1,0
BRDA:851,72,0,0
BRDA:851,72,1,0
BRDA:851,73,0,0
BRDA:851,73,1,0
BRDA:857,74,0,0
BRDA:857,74,1,0
BRDA:857,75,0,0
BRDA:857,75,1,0
BRDA:872,76,0,0
BRDA:872,76,1,0
BRDA:886,77,0,0
BRDA:886,77,1,0
BRDA:887,78,0,0
BRDA:887,78,1,0
BRDA:892,79,0,0
BRDA:892,79,1,0
BRDA:892,80,0,0
BRDA:892,80,1,0
BRDA:892,80,2,0
BRDA:908,81,0,0
BRDA:908,81,1,0
BRDA:932,82,0,0
BRDA:932,82,1,0
BRDA:965,83,0,0
BRDA:965,83,1,0
BRDA:1032,84,0,0
BRDA:1032,84,1,0
BRDA:1032,85,0,0
BRDA:1032,85,1,0
BRF:162
BRH:0
end_of_record
TN:
SF:src\js\data-persistence-manager.js
FN:20,(anonymous_0)
FN:41,(anonymous_1)
FN:82,(anonymous_2)
FN:133,(anonymous_3)
FN:153,(anonymous_4)
FN:177,(anonymous_5)
FN:196,(anonymous_6)
FN:209,(anonymous_7)
FN:226,(anonymous_8)
FN:236,(anonymous_9)
FN:279,(anonymous_10)
FN:298,(anonymous_11)
FN:301,(anonymous_12)
FN:318,(anonymous_13)
FN:327,(anonymous_14)
FN:342,(anonymous_15)
FN:349,(anonymous_16)
FN:352,(anonymous_17)
FN:355,(anonymous_18)
FN:382,(anonymous_19)
FN:405,(anonymous_20)
FN:413,(anonymous_21)
FNF:22
FNH:17
FNDA:57,(anonymous_0)
FNDA:138,(anonymous_1)
FNDA:244,(anonymous_2)
FNDA:5,(anonymous_3)
FNDA:6,(anonymous_4)
FNDA:4,(anonymous_5)
FNDA:57,(anonymous_6)
FNDA:57,(anonymous_7)
FNDA:210,(anonymous_8)
FNDA:210,(anonymous_9)
FNDA:2,(anonymous_10)
FNDA:2,(anonymous_11)
FNDA:2,(anonymous_12)
FNDA:2,(anonymous_13)
FNDA:2,(anonymous_14)
FNDA:2,(anonymous_15)
FNDA:2,(anonymous_16)
FNDA:0,(anonymous_17)
FNDA:0,(anonymous_18)
FNDA:0,(anonymous_19)
FNDA:0,(anonymous_20)
FNDA:0,(anonymous_21)
DA:21,57
DA:22,57
DA:23,57
DA:24,57
DA:27,57
DA:34,57
DA:42,138
DA:43,138
DA:49,138
DA:50,138
DA:53,138
DA:56,138
DA:62,138
DA:68,0
DA:73,0
DA:83,244
DA:84,244
DA:87,244
DA:88,33
DA:89,33
DA:93,211
DA:96,210
DA:97,208
DA:100,208
DA:107,208
DA:110,2
DA:111,2
DA:114,2
DA:116,2
DA:120,1
DA:125,1
DA:135,5
DA:138,5
DA:139,5
DA:142,5
DA:143,5
DA:145,5
DA:154,6
DA:157,6
DA:158,1
DA:161,5
DA:163,5
DA:166,4
DA:169,1
DA:178,4
DA:181,4
DA:182,12
DA:183,12
DA:184,8
DA:189,4
DA:197,57
DA:198,57
DA:199,57
DA:201,0
DA:210,57
DA:212,57
DA:213,57
DA:227,210
DA:237,210
DA:238,210
DA:241,210
DA:242,6
DA:243,6
DA:245,6
DA:246,6
DA:247,6
DA:248,6
DA:250,0
DA:255,0
DA:260,210
DA:261,2
DA:267,2
DA:270,210
DA:281,2
DA:288,2
DA:289,2
DA:299,2
DA:301,2
DA:308,2
DA:309,2
DA:319,2
DA:322,2
DA:323,2
DA:324,2
DA:327,2
DA:332,2
DA:333,2
DA:343,2
DA:346,2
DA:349,2
DA:350,2
DA:352,2
DA:353,0
DA:355,0
DA:356,0
DA:357,0
DA:362,0
DA:364,0
DA:368,2
DA:371,2
DA:372,2
DA:383,0
DA:384,0
DA:386,0
DA:387,0
DA:388,0
DA:389,0
DA:390,0
DA:393,0
DA:396,0
DA:406,0
DA:408,0
DA:409,0
DA:410,0
DA:413,0
DA:414,0
DA:420,0
LF:117
LH:90
BRDA:20,0,0,37
BRDA:20,1,0,54
BRDA:87,2,0,33
BRDA:87,2,1,211
BRDA:87,3,0,244
BRDA:87,3,1,212
BRDA:96,4,0,208
BRDA:96,4,1,2
BRDA:157,5,0,1
BRDA:157,5,1,5
BRDA:183,6,0,8
BRDA:183,6,1,4
BRDA:183,7,0,12
BRDA:183,7,1,12
BRDA:199,8,0,0
BRDA:199,8,1,57
BRDA:212,9,0,57
BRDA:212,9,1,0
BRDA:227,10,0,210
BRDA:227,10,1,210
BRDA:227,10,2,210
BRDA:227,10,3,208
BRDA:242,11,0,6
BRDA:242,11,1,0
BRDA:260,12,0,2
BRDA:260,12,1,208
BRDA:284,13,0,2
BRDA:284,13,1,0
BRDA:303,14,0,2
BRDA:303,14,1,2
BRDA:304,15,0,2
BRDA:304,15,1,2
BRDA:305,16,0,2
BRDA:305,16,1,2
BRDA:322,17,0,2
BRDA:322,17,1,0
BRDA:323,18,0,2
BRDA:323,18,1,0
BRDA:324,19,0,2
BRDA:324,19,1,0
BRDA:329,20,0,2
BRDA:329,20,1,2
BRDA:346,21,0,2
BRDA:346,21,1,0
BRDA:350,22,0,2
BRDA:350,22,1,0
BRDA:350,23,0,2
BRDA:350,23,1,2
BRDA:353,24,0,0
BRDA:353,24,1,0
BRDA:353,25,0,0
BRDA:353,25,1,0
BRDA:356,26,0,0
BRDA:356,26,1,0
BRDA:388,27,0,0
BRDA:388,27,1,0
BRDA:408,28,0,0
BRDA:408,28,1,0
BRDA:408,29,0,0
BRDA:408,29,1,0
BRDA:409,30,0,0
BRDA:409,30,1,0
BRDA:409,31,0,0
BRDA:409,31,1,0
BRDA:410,32,0,0
BRDA:410,32,1,0
BRDA:414,33,0,0
BRDA:414,33,1,0
BRDA:414,33,2,0
BRDA:414,33,3,0
BRF:70
BRH:39
end_of_record
TN:
SF:src\js\date-utils.js
FNF:0
FNH:0
LF:0
LH:0
BRF:0
BRH:0
end_of_record
TN:
SF:src\js\debug-app-fixed.js
FN:11,waitForDOM
FN:20,attachButtonHandler
FN:36,(anonymous_2)
FN:43,(anonymous_3)
FN:56,(anonymous_4)
FN:71,initializeDashboard
FN:88,(anonymous_6)
FN:100,(anonymous_7)
FN:104,(anonymous_8)
FN:126,(anonymous_9)
FN:127,(anonymous_10)
FN:137,(anonymous_11)
FN:143,(anonymous_12)
FN:150,(anonymous_13)
FN:153,(anonymous_14)
FN:158,(anonymous_15)
FN:165,(anonymous_16)
FNF:17
FNH:0
FNDA:0,waitForDOM
FNDA:0,attachButtonHandler
FNDA:0,(anonymous_2)
FNDA:0,(anonymous_3)
FNDA:0,(anonymous_4)
FNDA:0,initializeDashboard
FNDA:0,(anonymous_6)
FNDA:0,(anonymous_7)
FNDA:0,(anonymous_8)
FNDA:0,(anonymous_9)
FNDA:0,(anonymous_10)
FNDA:0,(anonymous_11)
FNDA:0,(anonymous_12)
FNDA:0,(anonymous_13)
FNDA:0,(anonymous_14)
FNDA:0,(anonymous_15)
FNDA:0,(anonymous_16)
DA:7,0
DA:8,0
DA:12,0
DA:13,0
DA:15,0
DA:21,0
DA:23,0
DA:24,0
DA:25,0
DA:26,0
DA:29,0
DA:32,0
DA:33,0
DA:36,0
DA:37,0
DA:38,0
DA:39,0
DA:42,0
DA:43,0
DA:44,0
DA:47,0
DA:48,0
DA:50,0
DA:51,0
DA:56,0
DA:57,0
DA:58,0
DA:59,0
DA:60,0
DA:62,0
DA:66,0
DA:67,0
DA:72,0
DA:74,0
DA:75,0
DA:77,0
DA:78,0
DA:81,0
DA:87,0
DA:88,0
DA:89,0
DA:90,0
DA:94,0
DA:97,0
DA:98,0
DA:100,0
DA:101,0
DA:102,0
DA:104,0
DA:105,0
DA:107,0
DA:108,0
DA:109,0
DA:110,0
DA:111,0
DA:112,0
DA:113,0
DA:115,0
DA:122,0
DA:125,0
DA:126,0
DA:127,0
DA:128,0
DA:133,0
DA:137,0
DA:138,0
DA:139,0
DA:143,0
DA:144,0
DA:145,0
DA:149,0
DA:151,0
DA:152,0
DA:153,0
DA:154,0
DA:156,0
DA:159,0
DA:160,0
DA:161,0
DA:162,0
DA:166,0
DA:167,0
DA:168,0
DA:169,0
DA:171,0
DA:176,0
DA:177,0
LF:87
LH:0
BRDA:12,0,0,0
BRDA:12,0,1,0
BRDA:24,1,0,0
BRDA:24,1,1,0
BRDA:47,2,0,0
BRDA:47,2,1,0
BRDA:59,3,0,0
BRDA:59,3,1,0
BRDA:74,4,0,0
BRDA:74,4,1,0
BRDA:77,5,0,0
BRDA:77,5,1,0
BRDA:89,6,0,0
BRDA:89,6,1,0
BRDA:101,7,0,0
BRDA:101,7,1,0
BRDA:108,8,0,0
BRDA:108,8,1,0
BRDA:110,9,0,0
BRDA:110,9,1,0
BRDA:112,10,0,0
BRDA:112,10,1,0
BRDA:154,11,0,0
BRDA:154,11,1,0
BRDA:160,12,0,0
BRDA:160,12,1,0
BRDA:167,13,0,0
BRDA:167,13,1,0
BRF:28
BRH:0
end_of_record
TN:
SF:src\js\debug-app.js
FN:22,(anonymous_0)
FN:34,(anonymous_1)
FN:48,findButtonsMultipleWays
FN:63,(anonymous_3)
FN:75,attachEventMultipleWays
FN:100,(anonymous_5)
FN:104,(anonymous_6)
FN:116,createBulletproofHandler
FN:117,(anonymous_8)
FN:131,(anonymous_9)
FN:140,(anonymous_10)
FN:148,initializeBulletproof
FN:194,(anonymous_12)
FN:199,(anonymous_13)
FN:207,(anonymous_14)
FN:218,(anonymous_15)
FN:219,(anonymous_16)
FN:241,(anonymous_17)
FN:251,(anonymous_18)
FN:261,(anonymous_19)
FN:271,(anonymous_20)
FN:281,(anonymous_21)
FN:284,(anonymous_22)
FN:297,(anonymous_23)
FN:298,(anonymous_24)
FN:305,(anonymous_25)
FN:308,(anonymous_26)
FNF:27
FNH:0
FNDA:0,(anonymous_0)
FNDA:0,(anonymous_1)
FNDA:0,findButtonsMultipleWays
FNDA:0,(anonymous_3)
FNDA:0,attachEventMultipleWays
FNDA:0,(anonymous_5)
FNDA:0,(anonymous_6)
FNDA:0,createBulletproofHandler
FNDA:0,(anonymous_8)
FNDA:0,(anonymous_9)
FNDA:0,(anonymous_10)
FNDA:0,initializeBulletproof
FNDA:0,(anonymous_12)
FNDA:0,(anonymous_13)
FNDA:0,(anonymous_14)
FNDA:0,(anonymous_15)
FNDA:0,(anonymous_16)
FNDA:0,(anonymous_17)
FNDA:0,(anonymous_18)
FNDA:0,(anonymous_19)
FNDA:0,(anonymous_20)
FNDA:0,(anonymous_21)
FNDA:0,(anonymous_22)
FNDA:0,(anonymous_23)
FNDA:0,(anonymous_24)
FNDA:0,(anonymous_25)
FNDA:0,(anonymous_26)
DA:9,0
DA:10,0
DA:11,0
DA:12,0
DA:15,0
DA:16,0
DA:17,0
DA:18,0
DA:19,0
DA:22,0
DA:23,0
DA:24,0
DA:33,0
DA:34,0
DA:35,0
DA:36,0
DA:38,0
DA:39,0
DA:42,0
DA:43,0
DA:44,0
DA:45,0
DA:49,0
DA:51,0
DA:62,0
DA:63,0
DA:64,0
DA:65,0
DA:67,0
DA:71,0
DA:76,0
DA:77,0
DA:78,0
DA:81,0
DA:83,0
DA:85,0
DA:86,0
DA:89,0
DA:90,0
DA:93,0
DA:94,0
DA:97,0
DA:100,0
DA:101,0
DA:104,0
DA:105,0
DA:108,0
DA:110,0
DA:111,0
DA:117,0
DA:118,0
DA:119,0
DA:120,0
DA:121,0
DA:124,0
DA:125,0
DA:128,0
DA:129,0
DA:131,0
DA:132,0
DA:133,0
DA:137,0
DA:140,0
DA:141,0
DA:142,0
DA:149,0
DA:152,0
DA:155,0
DA:156,0
DA:158,0
DA:159,0
DA:162,0
DA:163,0
DA:164,0
DA:165,0
DA:166,0
DA:168,0
DA:172,0
DA:173,0
DA:174,0
DA:175,0
DA:176,0
DA:178,0
DA:182,0
DA:183,0
DA:184,0
DA:185,0
DA:186,0
DA:188,0
DA:192,0
DA:193,0
DA:194,0
DA:195,0
DA:197,0
DA:198,0
DA:199,0
DA:200,0
DA:201,0
DA:202,0
DA:203,0
DA:207,0
DA:208,0
DA:209,0
DA:215,0
DA:217,0
DA:218,0
DA:219,0
DA:220,0
DA:221,0
DA:226,0
DA:230,0
DA:233,0
DA:234,0
DA:235,0
DA:237,0
DA:241,0
DA:242,0
DA:243,0
DA:244,0
DA:246,0
DA:251,0
DA:252,0
DA:253,0
DA:254,0
DA:256,0
DA:261,0
DA:262,0
DA:263,0
DA:264,0
DA:266,0
DA:271,0
DA:272,0
DA:273,0
DA:274,0
DA:276,0
DA:281,0
DA:282,0
DA:283,0
DA:284,0
DA:285,0
DA:296,0
DA:297,0
DA:299,0
DA:300,0
DA:301,0
DA:302,0
DA:306,0
DA:307,0
DA:308,0
DA:309,0
DA:314,0
DA:315,0
DA:316,0
DA:317,0
LF:154
LH:0
BRDA:64,0,0,0
BRDA:64,0,1,0
BRDA:64,1,0,0
BRDA:64,1,1,0
BRDA:65,2,0,0
BRDA:65,2,1,0
BRDA:76,3,0,0
BRDA:76,3,1,0
BRDA:124,4,0,0
BRDA:124,4,1,0
BRDA:125,5,0,0
BRDA:125,5,1,0
BRDA:155,6,0,0
BRDA:155,6,1,0
BRDA:158,7,0,0
BRDA:158,7,1,0
BRDA:162,8,0,0
BRDA:162,8,1,0
BRDA:163,9,0,0
BRDA:163,9,1,0
BRDA:172,10,0,0
BRDA:172,10,1,0
BRDA:173,11,0,0
BRDA:173,11,1,0
BRDA:182,12,0,0
BRDA:182,12,1,0
BRDA:183,13,0,0
BRDA:183,13,1,0
BRDA:195,14,0,0
BRDA:195,14,1,0
BRDA:195,14,2,0
BRDA:197,15,0,0
BRDA:197,15,1,0
BRDA:300,16,0,0
BRDA:300,16,1,0
BRDA:307,17,0,0
BRDA:307,17,1,0
BRF:37
BRH:0
end_of_record
TN:
SF:src\js\drag-drop-manager.js
FNF:0
FNH:0
LF:0
LH:0
BRF:0
BRH:0
end_of_record
TN:
SF:src\js\error-handler.js
FN:31,(anonymous_0)
FN:66,(anonymous_1)
FN:110,(anonymous_2)
FN:129,(anonymous_3)
FN:153,(anonymous_4)
FN:175,(anonymous_5)
FN:176,(anonymous_6)
FN:182,(anonymous_7)
FN:212,(anonymous_8)
FN:223,(anonymous_9)
FN:237,(anonymous_10)
FN:246,(anonymous_11)
FN:256,(anonymous_12)
FN:281,(anonymous_13)
FN:306,(anonymous_14)
FN:343,(anonymous_15)
FN:373,(anonymous_16)
FN:401,(anonymous_17)
FN:417,(anonymous_18)
FN:434,(anonymous_19)
FN:465,(anonymous_20)
FN:479,(anonymous_21)
FN:481,(anonymous_22)
FN:484,(anonymous_23)
FN:496,(anonymous_24)
FN:498,(anonymous_25)
FN:520,(anonymous_26)
FN:533,(anonymous_27)
FNF:28
FNH:26
FNDA:30,(anonymous_0)
FNDA:92,(anonymous_1)
FNDA:1,(anonymous_2)
FNDA:1,(anonymous_3)
FNDA:1,(anonymous_4)
FNDA:2,(anonymous_5)
FNDA:4,(anonymous_6)
FNDA:1,(anonymous_7)
FNDA:4,(anonymous_8)
FNDA:1,(anonymous_9)
FNDA:2,(anonymous_10)
FNDA:2,(anonymous_11)
FNDA:92,(anonymous_12)
FNDA:92,(anonymous_13)
FNDA:91,(anonymous_14)
FNDA:92,(anonymous_15)
FNDA:92,(anonymous_16)
FNDA:92,(anonymous_17)
FNDA:92,(anonymous_18)
FNDA:92,(anonymous_19)
FNDA:3,(anonymous_20)
FNDA:30,(anonymous_21)
FNDA:4,(anonymous_22)
FNDA:2,(anonymous_23)
FNDA:30,(anonymous_24)
FNDA:2,(anonymous_25)
FNDA:0,(anonymous_26)
FNDA:0,(anonymous_27)
DA:12,8
DA:23,8
DA:32,30
DA:33,30
DA:34,30
DA:35,30
DA:38,30
DA:39,30
DA:42,30
DA:43,30
DA:46,30
DA:68,92
DA:71,92
DA:74,92
DA:77,92
DA:80,92
DA:83,92
DA:84,92
DA:88,92
DA:91,92
DA:92,3
DA:95,92
DA:111,1
DA:112,1
DA:114,1
DA:130,1
DA:131,1
DA:133,1
DA:154,1
DA:156,1
DA:176,2
DA:177,4
DA:178,4
DA:181,3
DA:182,2
DA:183,1
DA:187,1
DA:191,1
DA:193,1
DA:199,1
DA:200,1
DA:203,0
DA:213,4
DA:224,1
DA:238,2
DA:247,2
DA:257,92
DA:258,7
DA:261,85
DA:262,84
DA:265,1
DA:266,1
DA:267,1
DA:268,1
DA:271,0
DA:282,92
DA:307,91
DA:308,0
DA:311,91
DA:313,91
DA:314,5
DA:317,86
DA:318,1
DA:322,85
DA:324,0
DA:326,3
DA:328,4
DA:330,1
DA:332,1
DA:334,76
DA:344,92
DA:347,92
DA:348,92
DA:351,92
DA:352,92
DA:355,92
DA:363,92
DA:364,10
DA:374,92
DA:382,92
DA:384,3
DA:385,3
DA:387,81
DA:388,81
DA:391,8
DA:392,8
DA:402,92
DA:420,92
DA:435,92
DA:437,92
DA:438,4
DA:439,4
DA:440,1
DA:446,3
DA:453,91
DA:467,3
DA:481,30
DA:482,4
DA:483,1
DA:484,2
DA:486,1
DA:488,3
DA:498,30
DA:499,2
DA:500,0
DA:501,0
DA:502,0
DA:510,2
DA:516,8
DA:519,8
DA:520,8
DA:521,0
DA:533,8
DA:534,0
LF:114
LH:105
BRDA:31,0,0,8
BRDA:32,1,0,30
BRDA:32,1,1,8
BRDA:33,2,0,30
BRDA:33,2,1,9
BRDA:66,3,0,65
BRDA:83,4,0,92
BRDA:83,4,1,0
BRDA:83,5,0,92
BRDA:83,5,1,92
BRDA:91,6,0,3
BRDA:91,6,1,89
BRDA:91,7,0,92
BRDA:91,7,1,4
BRDA:110,8,0,0
BRDA:129,9,0,0
BRDA:131,10,0,0
BRDA:131,10,1,1
BRDA:136,11,0,1
BRDA:136,11,1,1
BRDA:153,12,0,0
BRDA:154,13,0,1
BRDA:154,13,1,0
BRDA:159,14,0,1
BRDA:159,14,1,1
BRDA:161,15,0,1
BRDA:161,15,1,1
BRDA:175,16,0,1
BRDA:181,17,0,2
BRDA:181,17,1,1
BRDA:181,18,0,3
BRDA:181,18,1,3
BRDA:185,19,0,1
BRDA:185,19,1,1
BRDA:185,19,2,0
BRDA:195,20,0,1
BRDA:195,20,1,0
BRDA:195,20,2,0
BRDA:199,21,0,1
BRDA:199,21,1,0
BRDA:257,22,0,7
BRDA:257,22,1,85
BRDA:261,23,0,84
BRDA:261,23,1,1
BRDA:265,24,0,1
BRDA:265,24,1,0
BRDA:265,25,0,1
BRDA:265,25,1,1
BRDA:266,26,0,1
BRDA:266,26,1,0
BRDA:288,27,0,92
BRDA:288,27,1,73
BRDA:289,28,0,92
BRDA:289,28,1,79
BRDA:290,29,0,92
BRDA:290,29,1,85
BRDA:291,30,0,92
BRDA:291,30,1,88
BRDA:292,31,0,92
BRDA:292,31,1,91
BRDA:293,32,0,92
BRDA:293,32,1,0
BRDA:294,33,0,92
BRDA:294,33,1,0
BRDA:295,34,0,92
BRDA:295,34,1,91
BRDA:307,35,0,0
BRDA:307,35,1,91
BRDA:313,36,0,5
BRDA:313,36,1,86
BRDA:317,37,0,1
BRDA:317,37,1,85
BRDA:322,38,0,0
BRDA:322,38,1,3
BRDA:322,38,2,4
BRDA:322,38,3,1
BRDA:322,38,4,1
BRDA:322,38,5,76
BRDA:347,39,0,92
BRDA:347,39,1,27
BRDA:351,40,0,92
BRDA:351,40,1,25
BRDA:363,41,0,10
BRDA:363,41,1,82
BRDA:382,42,0,3
BRDA:382,42,1,81
BRDA:382,42,2,4
BRDA:382,42,3,8
BRDA:437,43,0,4
BRDA:437,43,1,88
BRDA:442,44,0,1
BRDA:442,44,1,0
BRDA:482,45,0,1
BRDA:482,45,1,3
BRDA:482,46,0,4
BRDA:482,46,1,1
BRDA:499,47,0,0
BRDA:499,47,1,2
BRDA:499,48,0,2
BRDA:499,48,1,0
BRDA:519,49,0,8
BRDA:519,49,1,0
BRDA:521,50,0,0
BRDA:521,50,1,0
BRF:104
BRH:82
end_of_record
TN:
SF:src\js\event-bus.js
FN:12,(anonymous_0)
FN:30,(anonymous_1)
FN:50,(anonymous_2)
FN:53,(anonymous_3)
FN:63,(anonymous_4)
FN:68,(anonymous_5)
FN:88,(anonymous_6)
FN:94,(anonymous_7)
FN:107,(anonymous_8)
FN:126,(anonymous_9)
FN:160,(anonymous_10)
FN:175,(anonymous_11)
FN:182,(anonymous_12)
FN:191,(anonymous_13)
FN:200,(anonymous_14)
FN:207,(anonymous_15)
FN:215,(anonymous_16)
FN:223,(anonymous_17)
FN:233,(anonymous_18)
FN:234,(anonymous_19)
FN:237,(anonymous_20)
FN:245,(anonymous_21)
FN:258,(anonymous_22)
FN:281,(anonymous_23)
FN:286,(anonymous_24)
FN:297,(anonymous_25)
FN:322,(anonymous_26)
FN:343,(anonymous_27)
FN:358,(anonymous_28)
FN:367,(anonymous_29)
FN:376,(anonymous_30)
FNF:31
FNH:30
FNDA:36,(anonymous_0)
FNDA:31,(anonymous_1)
FNDA:8,(anonymous_2)
FNDA:3,(anonymous_3)
FNDA:4,(anonymous_4)
FNDA:2,(anonymous_5)
FNDA:6,(anonymous_6)
FNDA:6,(anonymous_7)
FNDA:30,(anonymous_8)
FNDA:496,(anonymous_9)
FNDA:2,(anonymous_10)
FNDA:1,(anonymous_11)
FNDA:2,(anonymous_12)
FNDA:4,(anonymous_13)
FNDA:4,(anonymous_14)
FNDA:29,(anonymous_15)
FNDA:3,(anonymous_16)
FNDA:1,(anonymous_17)
FNDA:2,(anonymous_18)
FNDA:2,(anonymous_19)
FNDA:1,(anonymous_20)
FNDA:1,(anonymous_21)
FNDA:491,(anonymous_22)
FNDA:2,(anonymous_23)
FNDA:2,(anonymous_24)
FNDA:0,(anonymous_25)
FNDA:493,(anonymous_26)
FNDA:492,(anonymous_27)
FNDA:529,(anonymous_28)
FNDA:29,(anonymous_29)
FNDA:493,(anonymous_30)
DA:13,36
DA:14,36
DA:15,36
DA:16,36
DA:17,36
DA:18,36
DA:31,31
DA:32,4
DA:35,27
DA:42,27
DA:43,22
DA:46,27
DA:47,27
DA:50,27
DA:53,27
DA:64,4
DA:65,0
DA:68,4
DA:70,2
DA:73,2
DA:74,0
DA:76,2
DA:80,4
DA:89,6
DA:90,0
DA:93,6
DA:94,6
DA:96,6
DA:97,6
DA:99,0
DA:108,30
DA:109,1
DA:111,29
DA:112,29
DA:113,29
DA:127,496
DA:128,2
DA:131,494
DA:132,1
DA:135,493
DA:143,493
DA:144,492
DA:147,493
DA:148,2
DA:150,491
DA:161,2
DA:162,0
DA:165,2
DA:172,2
DA:175,2
DA:183,2
DA:192,4
DA:201,4
DA:208,29
DA:216,3
DA:224,1
DA:234,2
DA:235,2
DA:237,2
DA:238,1
DA:239,0
DA:241,1
DA:244,2
DA:245,1
DA:246,1
DA:247,1
DA:259,491
DA:261,491
DA:262,14
DA:263,14
DA:264,1
DA:266,13
DA:269,1
DA:282,2
DA:283,2
DA:285,2
DA:286,2
DA:287,2
DA:289,2
DA:290,0
DA:292,2
DA:296,2
DA:297,1
DA:298,0
DA:299,0
DA:302,1
DA:305,0
DA:306,0
DA:310,2
DA:313,2
DA:323,493
DA:326,493
DA:327,10
DA:331,493
DA:332,2
DA:335,493
DA:344,492
DA:347,492
DA:348,109
DA:359,529
DA:368,29
DA:377,493
DA:382,8
DA:388,8
LF:104
LH:93
BRDA:30,0,0,23
BRDA:31,1,0,4
BRDA:31,1,1,27
BRDA:31,2,0,31
BRDA:31,2,1,29
BRDA:37,3,0,27
BRDA:37,3,1,26
BRDA:38,4,0,27
BRDA:38,4,1,24
BRDA:42,5,0,22
BRDA:42,5,1,5
BRDA:63,6,0,4
BRDA:64,7,0,0
BRDA:64,7,1,4
BRDA:64,8,0,4
BRDA:64,8,1,4
BRDA:73,9,0,0
BRDA:73,9,1,2
BRDA:89,10,0,0
BRDA:89,10,1,6
BRDA:96,11,0,6
BRDA:96,11,1,0
BRDA:107,12,0,29
BRDA:108,13,0,1
BRDA:108,13,1,29
BRDA:126,14,0,2
BRDA:126,15,0,493
BRDA:127,16,0,2
BRDA:127,16,1,494
BRDA:131,17,0,1
BRDA:131,17,1,493
BRDA:143,18,0,492
BRDA:143,18,1,1
BRDA:147,19,0,2
BRDA:147,19,1,491
BRDA:160,20,0,2
BRDA:161,21,0,0
BRDA:161,21,1,2
BRDA:167,22,0,2
BRDA:167,22,1,2
BRDA:168,23,0,2
BRDA:168,23,1,2
BRDA:192,24,0,2
BRDA:192,24,1,2
BRDA:200,25,0,4
BRDA:233,26,0,1
BRDA:238,27,0,0
BRDA:238,27,1,1
BRDA:244,28,0,1
BRDA:244,28,1,1
BRDA:263,29,0,1
BRDA:263,29,1,13
BRDA:289,30,0,0
BRDA:289,30,1,2
BRDA:296,31,0,1
BRDA:296,31,1,1
BRDA:296,32,0,2
BRDA:296,32,1,1
BRDA:326,33,0,10
BRDA:326,33,1,483
BRDA:347,34,0,109
BRDA:347,34,1,383
BRDA:359,35,0,529
BRDA:359,35,1,528
BRF:64
BRH:57
end_of_record
TN:
SF:src\js\financial-manager.js
FN:21,(anonymous_0)
FN:43,(anonymous_1)
FN:63,(anonymous_2)
FN:99,(anonymous_3)
FN:142,(anonymous_4)
FN:170,(anonymous_5)
FN:188,(anonymous_6)
FN:213,(anonymous_7)
FNF:8
FNH:8
FNDA:27,(anonymous_0)
FNDA:2,(anonymous_1)
FNDA:4,(anonymous_2)
FNDA:7,(anonymous_3)
FNDA:7,(anonymous_4)
FNDA:14,(anonymous_5)
FNDA:4,(anonymous_6)
FNDA:12,(anonymous_7)
DA:22,27
DA:23,1
DA:25,26
DA:26,1
DA:28,25
DA:29,1
DA:32,24
DA:33,24
DA:34,24
DA:44,2
DA:45,2
DA:46,1
DA:49,1
DA:65,4
DA:66,4
DA:67,1
DA:71,3
DA:72,1
DA:76,2
DA:77,2
DA:78,1
DA:82,1
DA:87,1
DA:100,7
DA:101,7
DA:102,1
DA:106,6
DA:107,1
DA:111,5
DA:112,1
DA:115,4
DA:118,4
DA:119,5
DA:122,5
DA:123,2
DA:127,3
DA:128,3
DA:129,3
DA:131,3
DA:134,4
DA:143,7
DA:145,7
DA:146,1
DA:153,6
DA:154,6
DA:155,6
DA:158,6
DA:159,12
DA:161,12
DA:166,12
DA:170,14
DA:175,6
DA:189,4
DA:190,4
DA:191,1
DA:194,3
DA:195,3
DA:196,3
DA:197,3
DA:199,3
DA:215,12
DA:216,1
DA:220,11
DA:221,0
DA:224,11
DA:227,11
DA:228,16
DA:231,16
DA:232,0
DA:236,16
DA:237,16
DA:238,16
DA:240,16
DA:243,16
DA:244,16
DA:247,11
LF:76
LH:74
BRDA:22,0,0,1
BRDA:22,0,1,26
BRDA:25,1,0,1
BRDA:25,1,1,25
BRDA:28,2,0,1
BRDA:28,2,1,24
BRDA:45,3,0,1
BRDA:45,3,1,1
BRDA:66,4,0,1
BRDA:66,4,1,3
BRDA:71,5,0,1
BRDA:71,5,1,2
BRDA:77,6,0,1
BRDA:77,6,1,1
BRDA:101,7,0,1
BRDA:101,7,1,6
BRDA:106,8,0,1
BRDA:106,8,1,5
BRDA:106,9,0,6
BRDA:106,9,1,6
BRDA:111,10,0,1
BRDA:111,10,1,4
BRDA:111,11,0,5
BRDA:111,11,1,4
BRDA:122,12,0,2
BRDA:122,12,1,3
BRDA:122,13,0,5
BRDA:122,13,1,4
BRDA:122,13,2,3
BRDA:127,14,0,3
BRDA:127,14,1,0
BRDA:145,15,0,1
BRDA:145,15,1,6
BRDA:145,16,0,7
BRDA:145,16,1,7
BRDA:190,17,0,1
BRDA:190,17,1,3
BRDA:194,18,0,3
BRDA:194,18,1,0
BRDA:215,19,0,1
BRDA:215,19,1,11
BRDA:215,20,0,12
BRDA:215,20,1,12
BRDA:220,21,0,0
BRDA:220,21,1,11
BRDA:220,22,0,11
BRDA:220,22,1,11
BRDA:231,23,0,0
BRDA:231,23,1,16
BRDA:231,24,0,16
BRDA:231,24,1,16
BRDA:231,24,2,16
BRDA:236,25,0,16
BRDA:236,25,1,0
BRDA:243,26,0,16
BRDA:243,26,1,14
BRF:56
BRH:51
end_of_record
TN:
SF:src\js\forecasting-engine.js
FN:25,(anonymous_0)
FN:51,(anonymous_1)
FN:66,(anonymous_2)
FN:144,(anonymous_3)
FN:145,(anonymous_4)
FN:156,(anonymous_5)
FN:157,(anonymous_6)
FN:171,(anonymous_7)
FN:186,(anonymous_8)
FN:187,(anonymous_9)
FN:203,(anonymous_10)
FN:207,(anonymous_11)
FN:229,(anonymous_12)
FN:297,(anonymous_13)
FN:313,(anonymous_14)
FN:319,(anonymous_15)
FN:327,(anonymous_16)
FN:328,(anonymous_17)
FN:337,(anonymous_18)
FN:353,(anonymous_19)
FN:377,(anonymous_20)
FN:412,(anonymous_21)
FNF:22
FNH:22
FNDA:31,(anonymous_0)
FNDA:22,(anonymous_1)
FNDA:152,(anonymous_2)
FNDA:19,(anonymous_3)
FNDA:135,(anonymous_4)
FNDA:19,(anonymous_5)
FNDA:34,(anonymous_6)
FNDA:95,(anonymous_7)
FNDA:19,(anonymous_8)
FNDA:33,(anonymous_9)
FNDA:19,(anonymous_10)
FNDA:34,(anonymous_11)
FNDA:19,(anonymous_12)
FNDA:76,(anonymous_13)
FNDA:19,(anonymous_14)
FNDA:16,(anonymous_15)
FNDA:34,(anonymous_16)
FNDA:16,(anonymous_17)
FNDA:19,(anonymous_18)
FNDA:34,(anonymous_19)
FNDA:19,(anonymous_20)
FNDA:19,(anonymous_21)
DA:26,31
DA:27,1
DA:29,30
DA:30,1
DA:32,29
DA:33,1
DA:35,28
DA:36,1
DA:39,27
DA:40,27
DA:41,27
DA:42,27
DA:53,22
DA:54,22
DA:55,1
DA:59,21
DA:60,21
DA:61,21
DA:62,21
DA:63,21
DA:66,152
DA:67,21
DA:68,2
DA:72,19
DA:73,19
DA:74,19
DA:75,19
DA:78,19
DA:79,19
DA:82,19
DA:85,19
DA:94,19
DA:103,19
DA:111,19
DA:119,19
DA:145,19
DA:146,135
DA:157,19
DA:159,34
DA:160,34
DA:172,95
DA:173,7
DA:176,88
DA:177,88
DA:187,19
DA:189,33
DA:204,19
DA:207,19
DA:208,34
DA:209,34
DA:212,34
DA:213,34
DA:216,19
DA:231,19
DA:234,19
DA:237,19
DA:238,19
DA:241,19
DA:248,19
DA:249,19
DA:252,19
DA:259,19
DA:260,19
DA:263,19
DA:269,19
DA:298,76
DA:299,76
DA:301,76
DA:314,19
DA:315,1
DA:319,18
DA:320,16
DA:321,16
DA:322,16
DA:326,18
DA:327,34
DA:328,16
DA:338,19
DA:341,19
DA:342,1
DA:343,18
DA:344,2
DA:348,19
DA:349,3
DA:353,34
DA:354,19
DA:355,3
DA:359,19
DA:360,1
DA:364,19
DA:365,1
DA:368,19
DA:378,19
DA:381,19
DA:382,1
DA:383,18
DA:384,1
DA:387,19
DA:388,3
DA:392,19
DA:393,1
DA:394,18
DA:395,0
DA:399,19
DA:400,3
DA:403,19
DA:413,19
DA:416,19
DA:417,1
DA:418,18
DA:419,1
DA:422,19
DA:423,3
DA:427,19
DA:428,1
DA:429,18
DA:430,0
DA:434,19
DA:435,4
DA:439,19
DA:440,3
DA:442,3
DA:443,2
DA:447,19
LF:124
LH:122
BRDA:26,0,0,1
BRDA:26,0,1,30
BRDA:29,1,0,1
BRDA:29,1,1,29
BRDA:32,2,0,1
BRDA:32,2,1,28
BRDA:35,3,0,1
BRDA:35,3,1,27
BRDA:54,4,0,1
BRDA:54,4,1,21
BRDA:67,5,0,2
BRDA:67,5,1,19
BRDA:146,6,0,135
BRDA:146,6,1,0
BRDA:159,7,0,34
BRDA:159,7,1,0
BRDA:172,8,0,7
BRDA:172,8,1,88
BRDA:189,9,0,33
BRDA:189,9,1,32
BRDA:204,10,0,19
BRDA:204,10,1,2
BRDA:208,11,0,34
BRDA:208,11,1,19
BRDA:209,12,0,34
BRDA:209,12,1,0
BRDA:314,13,0,1
BRDA:314,13,1,18
BRDA:320,14,0,16
BRDA:320,14,1,0
BRDA:321,15,0,16
BRDA:321,15,1,0
BRDA:322,16,0,0
BRDA:322,16,1,16
BRDA:328,17,0,16
BRDA:328,17,1,0
BRDA:341,18,0,1
BRDA:341,18,1,18
BRDA:343,19,0,2
BRDA:343,19,1,16
BRDA:348,20,0,3
BRDA:348,20,1,16
BRDA:353,21,0,34
BRDA:353,21,1,0
BRDA:354,22,0,3
BRDA:354,22,1,16
BRDA:359,23,0,1
BRDA:359,23,1,18
BRDA:364,24,0,1
BRDA:364,24,1,18
BRDA:364,25,0,19
BRDA:364,25,1,3
BRDA:381,26,0,1
BRDA:381,26,1,18
BRDA:383,27,0,1
BRDA:383,27,1,17
BRDA:387,28,0,3
BRDA:387,28,1,16
BRDA:392,29,0,1
BRDA:392,29,1,18
BRDA:394,30,0,0
BRDA:394,30,1,18
BRDA:399,31,0,3
BRDA:399,31,1,16
BRDA:416,32,0,1
BRDA:416,32,1,18
BRDA:418,33,0,1
BRDA:418,33,1,17
BRDA:422,34,0,3
BRDA:422,34,1,16
BRDA:427,35,0,1
BRDA:427,35,1,18
BRDA:429,36,0,0
BRDA:429,36,1,18
BRDA:434,37,0,4
BRDA:434,37,1,15
BRDA:439,38,0,3
BRDA:439,38,1,16
BRDA:442,39,0,2
BRDA:442,39,1,1
BRDA:442,40,0,3
BRDA:442,40,1,3
BRF:82
BRH:72
end_of_record
TN:
SF:src\js\form-validation.js
FN:16,(anonymous_0)
FN:69,(anonymous_1)
FN:115,(anonymous_2)
FNF:3
FNH:0
FNDA:0,(anonymous_0)
FNDA:0,(anonymous_1)
FNDA:0,(anonymous_2)
DA:17,0
DA:18,0
DA:21,0
DA:22,0
DA:23,0
DA:27,0
DA:28,0
DA:29,0
DA:33,0
DA:34,0
DA:35,0
DA:39,0
DA:41,0
DA:42,0
DA:43,0
DA:48,0
DA:50,0
DA:51,0
DA:55,0
DA:56,0
DA:57,0
DA:58,0
DA:61,0
DA:70,0
DA:71,0
DA:74,0
DA:75,0
DA:76,0
DA:80,0
DA:81,0
DA:82,0
DA:86,0
DA:87,0
DA:88,0
DA:92,0
DA:94,0
DA:95,0
DA:96,0
DA:101,0
DA:103,0
DA:104,0
DA:107,0
DA:116,0
DA:117,0
DA:120,0
DA:121,0
DA:122,0
DA:126,0
DA:127,0
DA:128,0
DA:129,0
DA:133,0
DA:135,0
DA:136,0
DA:140,0
DA:141,0
DA:143,0
DA:144,0
DA:148,0
LF:59
LH:0
BRDA:21,0,0,0
BRDA:21,0,1,0
BRDA:21,1,0,0
BRDA:21,1,1,0
BRDA:27,2,0,0
BRDA:27,2,1,0
BRDA:27,3,0,0
BRDA:27,3,1,0
BRDA:33,4,0,0
BRDA:33,4,1,0
BRDA:33,5,0,0
BRDA:33,5,1,0
BRDA:39,6,0,0
BRDA:39,6,1,0
BRDA:39,7,0,0
BRDA:39,7,1,0
BRDA:39,7,2,0
BRDA:39,7,3,0
BRDA:41,8,0,0
BRDA:41,8,1,0
BRDA:48,9,0,0
BRDA:48,9,1,0
BRDA:48,10,0,0
BRDA:48,10,1,0
BRDA:48,10,2,0
BRDA:48,10,3,0
BRDA:56,11,0,0
BRDA:56,11,1,0
BRDA:56,12,0,0
BRDA:56,12,1,0
BRDA:74,13,0,0
BRDA:74,13,1,0
BRDA:74,14,0,0
BRDA:74,14,1,0
BRDA:80,15,0,0
BRDA:80,15,1,0
BRDA:80,16,0,0
BRDA:80,16,1,0
BRDA:86,17,0,0
BRDA:86,17,1,0
BRDA:86,18,0,0
BRDA:86,18,1,0
BRDA:92,19,0,0
BRDA:92,19,1,0
BRDA:92,20,0,0
BRDA:92,20,1,0
BRDA:92,20,2,0
BRDA:92,20,3,0
BRDA:94,21,0,0
BRDA:94,21,1,0
BRDA:101,22,0,0
BRDA:101,22,1,0
BRDA:101,23,0,0
BRDA:101,23,1,0
BRDA:101,23,2,0
BRDA:101,23,3,0
BRDA:120,24,0,0
BRDA:120,24,1,0
BRDA:120,25,0,0
BRDA:120,25,1,0
BRDA:127,26,0,0
BRDA:127,26,1,0
BRDA:127,27,0,0
BRDA:127,27,1,0
BRDA:133,28,0,0
BRDA:133,28,1,0
BRDA:133,29,0,0
BRDA:133,29,1,0
BRDA:133,29,2,0
BRDA:133,29,3,0
BRDA:133,29,4,0
BRDA:140,30,0,0
BRDA:140,30,1,0
BRDA:140,31,0,0
BRDA:140,31,1,0
BRDA:141,32,0,0
BRDA:141,32,1,0
BRDA:141,33,0,0
BRDA:141,33,1,0
BRDA:141,33,2,0
BRDA:141,33,3,0
BRF:81
BRH:0
end_of_record
TN:
SF:src\js\lineage-validator.js
FNF:0
FNH:0
LF:0
LH:0
BRF:0
BRH:0
end_of_record
TN:
SF:src\js\logger.js
FN:20,(anonymous_0)
FN:36,(anonymous_1)
FN:45,(anonymous_2)
FN:54,(anonymous_3)
FN:63,(anonymous_4)
FN:84,(anonymous_5)
FN:94,(anonymous_6)
FN:97,(anonymous_7)
FN:109,(anonymous_8)
FN:123,(anonymous_9)
FN:134,(anonymous_10)
FN:141,(anonymous_11)
FN:152,(anonymous_12)
FN:154,(anonymous_13)
FN:163,(anonymous_14)
FN:178,(anonymous_15)
FN:184,(anonymous_16)
FN:185,(anonymous_17)
FN:186,(anonymous_18)
FN:187,(anonymous_19)
FN:188,(anonymous_20)
FN:200,(anonymous_21)
FN:246,(anonymous_22)
FN:272,(anonymous_23)
FN:287,(anonymous_24)
FN:306,(anonymous_25)
FN:307,(anonymous_26)
FN:335,(anonymous_27)
FN:346,(anonymous_28)
FN:360,(anonymous_29)
FN:378,(anonymous_30)
FN:403,(anonymous_31)
FN:405,(anonymous_32)
FN:406,(anonymous_33)
FN:415,(anonymous_34)
FN:419,(anonymous_35)
FNF:36
FNH:31
FNDA:33,(anonymous_0)
FNDA:151,(anonymous_1)
FNDA:40,(anonymous_2)
FNDA:5,(anonymous_3)
FNDA:5,(anonymous_4)
FNDA:2,(anonymous_5)
FNDA:1,(anonymous_6)
FNDA:1,(anonymous_7)
FNDA:2,(anonymous_8)
FNDA:5,(anonymous_9)
FNDA:1,(anonymous_10)
FNDA:1,(anonymous_11)
FNDA:9,(anonymous_12)
FNDA:17,(anonymous_13)
FNDA:1,(anonymous_14)
FNDA:1,(anonymous_15)
FNDA:0,(anonymous_16)
FNDA:1,(anonymous_17)
FNDA:0,(anonymous_18)
FNDA:0,(anonymous_19)
FNDA:1,(anonymous_20)
FNDA:208,(anonymous_21)
FNDA:29,(anonymous_22)
FNDA:29,(anonymous_23)
FNDA:33,(anonymous_24)
FNDA:29,(anonymous_25)
FNDA:12,(anonymous_26)
FNDA:1,(anonymous_27)
FNDA:29,(anonymous_28)
FNDA:8,(anonymous_29)
FNDA:0,(anonymous_30)
FNDA:1,(anonymous_31)
FNDA:3,(anonymous_32)
FNDA:3,(anonymous_33)
FNDA:0,(anonymous_34)
FNDA:1,(anonymous_35)
DA:11,8
DA:21,33
DA:22,33
DA:23,33
DA:24,33
DA:25,33
DA:28,33
DA:37,151
DA:46,40
DA:55,5
DA:65,5
DA:66,1
DA:72,1
DA:74,4
DA:85,2
DA:86,2
DA:95,1
DA:97,1
DA:98,1
DA:99,1
DA:100,1
DA:110,2
DA:116,2
DA:124,5
DA:125,3
DA:127,2
DA:135,1
DA:142,1
DA:143,1
DA:153,9
DA:154,17
DA:164,1
DA:165,1
DA:179,1
DA:181,1
DA:183,1
DA:184,0
DA:185,1
DA:186,0
DA:187,0
DA:188,1
DA:202,208
DA:203,179
DA:206,29
DA:220,29
DA:223,29
DA:224,0
DA:228,29
DA:231,29
DA:232,28
DA:236,29
DA:237,0
DA:247,29
DA:248,29
DA:250,29
DA:252,2
DA:253,2
DA:255,17
DA:256,17
DA:258,5
DA:259,5
DA:261,5
DA:262,5
DA:273,29
DA:274,2
DA:275,17
DA:276,5
DA:277,5
DA:278,0
DA:288,33
DA:290,33
DA:291,26
DA:292,0
DA:293,0
DA:294,7
DA:295,0
DA:296,0
DA:307,29
DA:308,12
DA:309,2
DA:312,10
DA:313,9
DA:315,9
DA:317,1
DA:321,1
DA:322,1
DA:325,0
DA:336,1
DA:338,1
DA:339,1
DA:347,29
DA:348,29
DA:349,29
DA:350,29
DA:361,8
DA:362,8
DA:363,8
DA:364,8
DA:365,0
DA:369,0
DA:379,0
DA:380,0
DA:383,0
DA:384,0
DA:387,0
DA:393,8
DA:396,8
DA:397,8
DA:403,8
DA:405,8
DA:406,3
DA:407,3
DA:409,3
DA:410,3
DA:413,2
DA:414,1
DA:416,0
DA:417,0
DA:420,1
DA:421,1
DA:422,1
DA:426,1
DA:427,1
DA:429,1
DA:430,1
DA:431,1
LF:126
LH:106
BRDA:20,0,0,0
BRDA:20,1,0,30
BRDA:23,2,0,33
BRDA:23,2,1,32
BRDA:25,3,0,33
BRDA:25,3,1,33
BRDA:65,4,0,1
BRDA:65,4,1,4
BRDA:84,5,0,0
BRDA:97,6,0,0
BRDA:109,7,0,1
BRDA:113,8,0,2
BRDA:113,8,1,1
BRDA:124,9,0,3
BRDA:124,9,1,2
BRDA:152,10,0,6
BRDA:152,11,0,7
BRDA:163,12,0,1
BRDA:200,13,0,0
BRDA:200,14,0,207
BRDA:202,15,0,179
BRDA:202,15,1,29
BRDA:215,16,0,29
BRDA:215,16,1,0
BRDA:216,17,0,29
BRDA:216,17,1,0
BRDA:223,18,0,0
BRDA:223,18,1,29
BRDA:231,19,0,28
BRDA:231,19,1,1
BRDA:236,20,0,0
BRDA:236,20,1,29
BRDA:236,21,0,29
BRDA:236,21,1,0
BRDA:250,22,0,2
BRDA:250,22,1,17
BRDA:250,22,2,5
BRDA:250,22,3,5
BRDA:273,23,0,2
BRDA:273,23,1,17
BRDA:273,23,2,5
BRDA:273,23,3,5
BRDA:273,23,4,0
BRDA:290,24,0,26
BRDA:290,24,1,0
BRDA:290,24,2,0
BRDA:290,24,3,7
BRDA:290,24,4,0
BRDA:290,24,5,0
BRDA:308,25,0,2
BRDA:308,25,1,10
BRDA:308,26,0,12
BRDA:308,26,1,11
BRDA:312,27,0,9
BRDA:312,27,1,1
BRDA:321,28,0,1
BRDA:321,28,1,0
BRDA:336,29,0,0
BRDA:336,29,1,1
BRDA:339,30,0,1
BRDA:339,30,1,0
BRDA:364,31,0,0
BRDA:364,31,1,8
BRDA:379,32,0,0
BRDA:379,32,1,0
BRDA:379,33,0,0
BRDA:379,33,1,0
BRDA:396,34,0,8
BRDA:396,34,1,0
BRDA:407,35,0,3
BRDA:407,35,1,0
BRDA:407,35,2,0
BRDA:413,36,0,1
BRDA:413,36,1,1
BRDA:413,37,0,2
[...]
BRDA:936,78,1,0
BRDA:937,79,0,0
BRDA:937,79,1,0
BRDA:953,80,0,0
BRDA:953,80,1,0
BRDA:975,81,0,0
BRDA:975,81,1,0
BRDA:989,82,0,0
BRDA:989,82,1,0
BRDA:989,82,2,0
BRDA:989,82,3,0
BRDA:989,82,4,0
BRDA:989,82,5,0
BRDA:1017,83,0,0
BRDA:1017,83,1,0
BRDA:1019,84,0,0
BRDA:1019,84,1,0
BRDA:1019,85,0,0
BRDA:1019,85,1,0
BRDA:1026,86,0,0
BRDA:1026,86,1,0
BRDA:1030,87,0,0
BRDA:1030,87,1,0
BRDA:1031,88,0,0
BRDA:1031,88,1,0
BRDA:1036,89,0,0
BRDA:1036,89,1,0
BRDA:1046,90,0,0
BRDA:1046,90,1,0
BRDA:1049,91,0,0
BRDA:1049,91,1,0
BRDA:1050,92,0,0
BRDA:1050,92,1,0
BRDA:1070,93,0,0
BRDA:1070,93,1,0
BRDA:1072,94,0,0
BRDA:1072,94,1,0
BRDA:1072,95,0,0
BRDA:1072,95,1,0
BRDA:1080,96,0,0
BRDA:1080,96,1,0
BRDA:1082,97,0,0
BRDA:1082,97,1,0
BRDA:1086,98,0,0
BRDA:1086,98,1,0
BRDA:1099,99,0,0
BRDA:1099,99,1,0
BRDA:1102,100,0,0
BRDA:1102,100,1,0
BRDA:1102,101,0,0
BRDA:1102,101,1,0
BRDA:1135,102,0,0
BRDA:1135,102,1,0
BRDA:1139,103,0,0
BRDA:1139,103,1,0
BRDA:1139,104,0,0
BRDA:1139,104,1,0
BRDA:1141,105,0,0
BRDA:1141,105,1,0
BRDA:1170,106,0,0
BRDA:1170,106,1,0
BRDA:1175,107,0,0
BRDA:1175,107,1,0
BRF:223
BRH:0
end_of_record
TN:
SF:src\js\visualization\data-export-tools.js
FN:15,(anonymous_0)
FN:65,(anonymous_1)
FN:100,(anonymous_2)
FN:173,(anonymous_3)
FN:212,(anonymous_4)
FN:223,(anonymous_5)
FN:234,(anonymous_6)
FN:243,(anonymous_7)
FN:251,(anonymous_8)
FN:266,(anonymous_9)
FN:284,(anonymous_10)
FN:306,(anonymous_11)
FN:329,(anonymous_12)
FN:367,(anonymous_13)
FN:369,(anonymous_14)
FN:376,(anonymous_15)
FN:390,(anonymous_16)
FN:393,(anonymous_17)
FN:408,(anonymous_18)
FN:423,(anonymous_19)
FN:438,(anonymous_20)
FN:456,(anonymous_21)
FN:459,(anonymous_22)
FN:466,(anonymous_23)
FN:473,(anonymous_24)
FN:480,(anonymous_25)
FN:487,(anonymous_26)
FN:497,(anonymous_27)
FN:516,(anonymous_28)
FN:517,(anonymous_29)
FN:523,(anonymous_30)
FN:524,(anonymous_31)
FN:526,(anonymous_32)
FN:561,(anonymous_33)
FN:564,(anonymous_34)
FN:574,(anonymous_35)
FN:629,(anonymous_36)
FN:639,(anonymous_37)
FN:669,(anonymous_38)
FN:670,(anonymous_39)
FN:719,(anonymous_40)
FN:729,(anonymous_41)
FN:740,(anonymous_42)
FN:741,(anonymous_43)
FN:759,(anonymous_44)
FN:764,(anonymous_45)
FN:768,(anonymous_46)
FN:772,(anonymous_47)
FN:791,(anonymous_48)
FN:806,(anonymous_49)
FN:808,(anonymous_50)
FN:809,(anonymous_51)
FN:815,(anonymous_52)
FN:849,(anonymous_53)
FN:851,(anonymous_54)
FN:864,(anonymous_55)
FN:866,(anonymous_56)
FN:881,(anonymous_57)
FN:883,(anonymous_58)
FN:898,(anonymous_59)
FN:917,(anonymous_60)
FN:940,(anonymous_61)
FN:945,(anonymous_62)
FN:949,(anonymous_63)
FN:953,(anonymous_64)
FN:966,(anonymous_65)
FN:971,(anonymous_66)
FN:982,(anonymous_67)
FN:989,(anonymous_68)
FN:1004,(anonymous_69)
FN:1014,(anonymous_70)
FN:1028,(anonymous_71)
FN:1056,(anonymous_72)
FN:1070,(anonymous_73)
FN:1071,(anonymous_74)
FN:1078,(anonymous_75)
FN:1094,(anonymous_76)
FNF:77
FNH:0
FNDA:0,(anonymous_0)
FNDA:0,(anonymous_1)
FNDA:0,(anonymous_2)
FNDA:0,(anonymous_3)
FNDA:0,(anonymous_4)
FNDA:0,(anonymous_5)
FNDA:0,(anonymous_6)
FNDA:0,(anonymous_7)
FNDA:0,(anonymous_8)
FNDA:0,(anonymous_9)
FNDA:0,(anonymous_10)
FNDA:0,(anonymous_11)
FNDA:0,(anonymous_12)
FNDA:0,(anonymous_13)
FNDA:0,(anonymous_14)
FNDA:0,(anonymous_15)
FNDA:0,(anonymous_16)
FNDA:0,(anonymous_17)
FNDA:0,(anonymous_18)
FNDA:0,(anonymous_19)
FNDA:0,(anonymous_20)
FNDA:0,(anonymous_21)
FNDA:0,(anonymous_22)
FNDA:0,(anonymous_23)
FNDA:0,(anonymous_24)
FNDA:0,(anonymous_25)
FNDA:0,(anonymous_26)
FNDA:0,(anonymous_27)
FNDA:0,(anonymous_28)
FNDA:0,(anonymous_29)
FNDA:0,(anonymous_30)
FNDA:0,(anonymous_31)
FNDA:0,(anonymous_32)
FNDA:0,(anonymous_33)
FNDA:0,(anonymous_34)
FNDA:0,(anonymous_35)
FNDA:0,(anonymous_36)
FNDA:0,(anonymous_37)
FNDA:0,(anonymous_38)
FNDA:0,(anonymous_39)
FNDA:0,(anonymous_40)
FNDA:0,(anonymous_41)
FNDA:0,(anonymous_42)
FNDA:0,(anonymous_43)
FNDA:0,(anonymous_44)
FNDA:0,(anonymous_45)
FNDA:0,(anonymous_46)
FNDA:0,(anonymous_47)
FNDA:0,(anonymous_48)
FNDA:0,(anonymous_49)
FNDA:0,(anonymous_50)
FNDA:0,(anonymous_51)
FNDA:0,(anonymous_52)
FNDA:0,(anonymous_53)
FNDA:0,(anonymous_54)
FNDA:0,(anonymous_55)
FNDA:0,(anonymous_56)
FNDA:0,(anonymous_57)
FNDA:0,(anonymous_58)
FNDA:0,(anonymous_59)
FNDA:0,(anonymous_60)
FNDA:0,(anonymous_61)
FNDA:0,(anonymous_62)
FNDA:0,(anonymous_63)
FNDA:0,(anonymous_64)
FNDA:0,(anonymous_65)
FNDA:0,(anonymous_66)
FNDA:0,(anonymous_67)
FNDA:0,(anonymous_68)
FNDA:0,(anonymous_69)
FNDA:0,(anonymous_70)
FNDA:0,(anonymous_71)
FNDA:0,(anonymous_72)
FNDA:0,(anonymous_73)
FNDA:0,(anonymous_74)
FNDA:0,(anonymous_75)
FNDA:0,(anonymous_76)
DA:16,0
DA:17,0
DA:18,0
DA:19,0
DA:21,0
DA:30,0
DA:33,0
DA:46,0
DA:57,0
DA:58,0
DA:59,0
DA:66,0
DA:67,0
DA:70,0
DA:73,0
DA:76,0
DA:77,0
DA:80,0
DA:82,0
DA:89,0
DA:90,0
DA:101,0
DA:110,0
DA:113,0
DA:114,0
DA:118,0
DA:120,0
DA:121,0
DA:124,0
DA:125,0
DA:129,0
DA:132,0
DA:140,0
DA:141,0
DA:144,0
DA:150,0
DA:156,0
DA:159,0
DA:160,0
DA:161,0
DA:174,0
DA:175,0
DA:176,0
DA:179,0
DA:182,0
DA:184,0
DA:189,0
DA:194,0
DA:197,0
DA:201,0
DA:213,0
DA:224,0
DA:235,0
DA:244,0
DA:245,0
DA:246,0
DA:248,0
DA:249,0
DA:251,0
DA:252,0
DA:255,0
DA:256,0
DA:259,0
DA:260,0
DA:264,0
DA:266,0
DA:269,0
DA:271,0
DA:274,0
DA:275,0
DA:285,0
DA:286,0
DA:287,0
DA:290,0
DA:292,0
DA:294,0
DA:297,0
DA:307,0
DA:308,0
DA:309,0
DA:312,0
DA:314,0
DA:316,0
DA:319,0
DA:330,0
DA:333,0
DA:334,0
DA:336,0
DA:339,0
DA:340,0
DA:342,0
DA:343,0
DA:344,0
DA:346,0
DA:347,0
DA:348,0
DA:350,0
DA:352,0
DA:354,0
DA:357,0
DA:369,0
DA:370,0
DA:371,0
DA:376,0
DA:377,0
DA:378,0
DA:380,0
DA:381,0
DA:392,0
DA:394,0
DA:395,0
DA:397,0
DA:407,0
DA:409,0
DA:410,0
DA:412,0
DA:422,0
DA:424,0
DA:425,0
DA:427,0
DA:437,0
DA:439,0
DA:440,0
DA:442,0
DA:458,0
DA:460,0
DA:465,0
DA:467,0
DA:472,0
DA:474,0
DA:479,0
DA:481,0
DA:486,0
DA:488,0
DA:505,0
DA:508,0
DA:509,0
DA:510,0
DA:511,0
DA:513,0
DA:516,0
DA:517,0
DA:519,0
DA:523,0
DA:524,0
DA:526,0
DA:527,0
DA:528,0
DA:532,0
DA:534,0
DA:535,0
DA:537,0
DA:538,0
DA:539,0
DA:540,0
DA:541,0
DA:542,0
DA:543,0
DA:545,0
DA:546,0
DA:549,0
DA:550,0
DA:554,0
DA:555,0
DA:558,0
DA:565,0
DA:581,0
DA:584,0
DA:585,0
DA:586,0
DA:588,0
DA:591,0
DA:594,0
DA:596,0
DA:597,0
DA:599,0
DA:600,0
DA:601,0
DA:602,0
DA:603,0
DA:604,0
DA:605,0
DA:607,0
DA:608,0
DA:611,0
DA:612,0
DA:613,0
DA:614,0
DA:615,0
DA:616,0
DA:617,0
DA:618,0
DA:619,0
DA:621,0
DA:625,0
DA:630,0
DA:647,0
DA:650,0
DA:651,0
DA:652,0
DA:654,0
DA:657,0
DA:665,0
DA:666,0
DA:667,0
DA:669,0
DA:670,0
DA:672,0
DA:673,0
DA:674,0
DA:675,0
DA:676,0
DA:677,0
DA:678,0
DA:680,0
DA:681,0
DA:686,0
DA:687,0
DA:688,0
DA:690,0
DA:691,0
DA:692,0
DA:693,0
DA:694,0
DA:695,0
DA:697,0
DA:698,0
DA:701,0
DA:702,0
DA:703,0
DA:704,0
DA:705,0
DA:706,0
DA:707,0
DA:708,0
DA:710,0
DA:714,0
DA:720,0
DA:730,0
DA:731,0
DA:735,0
DA:738,0
DA:741,0
DA:742,0
DA:744,0
DA:745,0
DA:747,0
DA:752,0
DA:760,0
DA:761,0
DA:762,0
DA:764,0
DA:765,0
DA:767,0
DA:768,0
DA:769,0
DA:771,0
DA:772,0
DA:773,0
DA:776,0
DA:779,0
DA:782,0
DA:784,0
DA:794,0
DA:796,0
DA:797,0
DA:799,0
DA:808,0
DA:809,0
DA:815,0
DA:817,0
DA:818,0
DA:819,0
DA:820,0
DA:822,0
DA:823,0
DA:824,0
DA:826,0
DA:835,0
DA:836,0
DA:837,0
DA:838,0
DA:842,0
DA:850,0
DA:851,0
DA:860,0
DA:862,0
DA:864,0
DA:866,0
DA:867,0
DA:868,0
DA:869,0
DA:870,0
DA:872,0
DA:873,0
DA:874,0
DA:875,0
DA:881,0
DA:882,0
DA:883,0
DA:884,0
DA:885,0
DA:886,0
DA:887,0
DA:888,0
DA:890,0
DA:891,0
DA:898,0
DA:899,0
DA:900,0
DA:901,0
DA:902,0
DA:905,0
DA:906,0
DA:910,0
DA:918,0
DA:919,0
DA:921,0
DA:922,0
DA:923,0
DA:925,0
DA:926,0
DA:927,0
DA:929,0
DA:930,0
DA:931,0
DA:933,0
DA:941,0
DA:943,0
DA:944,0
DA:945,0
DA:946,0
DA:948,0
DA:949,0
DA:950,0
DA:952,0
DA:953,0
DA:954,0
DA:959,0
DA:967,0
DA:969,0
DA:970,0
DA:971,0
DA:972,0
DA:973,0
DA:975,0
DA:976,0
DA:978,0
DA:980,0
DA:981,0
DA:982,0
DA:983,0
DA:984,0
DA:985,0
DA:987,0
DA:989,0
DA:997,0
DA:1007,0
DA:1015,0
DA:1021,0
DA:1030,0
DA:1041,0
DA:1058,0
DA:1063,0
DA:1071,0
DA:1079,0
DA:1080,0
DA:1081,0
DA:1082,0
DA:1083,0
DA:1084,0
DA:1086,0
DA:1091,0
DA:1094,0
DA:1095,0
LF:375
LH:0
BRDA:30,0,0,0
BRDA:30,0,1,0
BRDA:76,1,0,0
BRDA:76,1,1,0
BRDA:100,2,0,0
BRDA:103,3,0,0
BRDA:104,4,0,0
BRDA:105,5,0,0
BRDA:106,6,0,0
BRDA:107,7,0,0
BRDA:108,8,0,0
BRDA:109,9,0,0
BRDA:113,10,0,0
BRDA:113,10,1,0
BRDA:120,11,0,0
BRDA:120,11,1,0
BRDA:124,12,0,0
BRDA:124,12,1,0
BRDA:136,13,0,0
BRDA:136,13,1,0
BRDA:140,14,0,0
BRDA:140,14,1,0
BRDA:140,15,0,0
BRDA:140,15,1,0
BRDA:173,16,0,0
BRDA:175,17,0,0
BRDA:175,17,1,0
BRDA:186,18,0,0
BRDA:186,18,1,0
BRDA:212,19,0,0
BRDA:223,20,0,0
BRDA:234,21,0,0
BRDA:259,22,0,0
BRDA:259,22,1,0
BRDA:286,23,0,0
BRDA:286,23,1,0
BRDA:286,24,0,0
BRDA:286,24,1,0
BRDA:308,25,0,0
BRDA:308,25,1,0
BRDA:308,26,0,0
BRDA:308,26,1,0
BRDA:329,27,0,0
BRDA:333,28,0,0
BRDA:333,28,1,0
BRDA:370,29,0,0
BRDA:370,29,1,0
BRDA:380,30,0,0
BRDA:380,30,1,0
BRDA:381,31,0,0
BRDA:381,31,1,0
BRDA:497,32,0,0
BRDA:499,33,0,0
BRDA:500,34,0,0
BRDA:501,35,0,0
BRDA:502,36,0,0
BRDA:503,37,0,0
BRDA:504,38,0,0
BRDA:519,39,0,0
BRDA:519,39,1,0
BRDA:545,40,0,0
BRDA:545,40,1,0
BRDA:554,41,0,0
BRDA:554,41,1,0
BRDA:574,42,0,0
BRDA:576,43,0,0
BRDA:577,44,0,0
BRDA:578,45,0,0
BRDA:579,46,0,0
BRDA:580,47,0,0
BRDA:611,48,0,0
BRDA:611,48,1,0
BRDA:611,49,0,0
BRDA:611,49,1,0
BRDA:611,49,2,0
BRDA:639,50,0,0
BRDA:641,51,0,0
BRDA:642,52,0,0
BRDA:643,53,0,0
BRDA:644,54,0,0
BRDA:645,55,0,0
BRDA:646,56,0,0
BRDA:666,57,0,0
BRDA:666,57,1,0
BRDA:672,58,0,0
BRDA:672,58,1,0
BRDA:672,59,0,0
BRDA:672,59,1,0
BRDA:678,60,0,0
BRDA:678,60,1,0
BRDA:692,61,0,0
BRDA:692,61,1,0
BRDA:693,62,0,0
BRDA:693,62,1,0
BRDA:701,63,0,0
BRDA:701,63,1,0
BRDA:701,64,0,0
BRDA:701,64,1,0
BRDA:704,65,0,0
BRDA:704,65,1,0
BRDA:730,66,0,0
BRDA:730,66,1,0
BRDA:730,67,0,0
BRDA:730,67,1,0
BRDA:744,68,0,0
BRDA:744,68,1,0
BRDA:744,69,0,0
BRDA:744,69,1,0
BRDA:744,69,2,0
BRDA:744,69,3,0
BRDA:765,70,0,0
BRDA:765,70,1,0
BRDA:767,71,0,0
BRDA:767,71,1,0
BRDA:771,72,0,0
BRDA:771,72,1,0
BRDA:771,73,0,0
BRDA:771,73,1,0
BRDA:791,74,0,0
BRDA:794,75,0,0
BRDA:794,75,1,0
BRDA:836,76,0,0
BRDA:836,76,1,0
BRDA:867,77,0,0
BRDA:867,77,1,0
BRDA:872,78,0,0
BRDA:872,78,1,0
BRDA:882,79,0,0
BRDA:882,79,1,0
BRDA:884,80,0,0
BRDA:884,80,1,0
BRDA:944,81,0,0
BRDA:944,81,1,0
BRDA:946,82,0,0
BRDA:946,82,1,0
BRDA:948,83,0,0
BRDA:948,83,1,0
BRDA:952,84,0,0
BRDA:952,84,1,0
BRDA:970,85,0,0
BRDA:970,85,1,0
BRDA:975,86,0,0
BRDA:975,86,1,0
BRDA:980,87,0,0
BRDA:980,87,1,0
BRDA:984,88,0,0
BRDA:984,88,1,0
BRF:147
BRH:0
end_of_record
TN:
SF:src\js\visualization\realtime-streaming.js
FN:17,(anonymous_0)
FN:84,(anonymous_1)
FN:126,(anonymous_2)
FN:151,(anonymous_3)
FN:152,(anonymous_4)
FN:156,(anonymous_5)
FN:161,(anonymous_6)
FN:177,(anonymous_7)
FN:212,(anonymous_8)
FN:271,(anonymous_9)
FN:325,(anonymous_10)
FN:326,(anonymous_11)
FN:341,(anonymous_12)
FN:342,(anonymous_13)
FN:356,(anonymous_14)
FN:357,(anonymous_15)
FN:378,(anonymous_16)
FN:403,(anonymous_17)
FN:418,(anonymous_18)
FN:431,(anonymous_19)
FN:447,(anonymous_20)
FN:462,(anonymous_21)
FN:464,(anonymous_22)
FN:471,(anonymous_23)
FN:480,(anonymous_24)
FN:484,(anonymous_25)
FN:489,(anonymous_26)
FN:498,(anonymous_27)
FN:500,(anonymous_28)
FN:509,(anonymous_29)
FN:518,(anonymous_30)
FN:527,(anonymous_31)
FN:536,(anonymous_32)
FN:548,(anonymous_33)
FN:549,(anonymous_34)
FN:564,(anonymous_35)
FN:568,(anonymous_36)
FN:590,(anonymous_37)
FN:603,(anonymous_38)
FN:641,(anonymous_39)
FN:655,(anonymous_40)
FN:728,(anonymous_41)
FN:760,(anonymous_42)
FN:778,(anonymous_43)
FN:780,(anonymous_44)
FN:785,(anonymous_45)
FN:794,(anonymous_46)
FN:824,(anonymous_47)
FN:851,(anonymous_48)
FN:859,(anonymous_49)
FN:860,(anonymous_50)
FN:874,(anonymous_51)
FN:885,(anonymous_52)
FN:903,(anonymous_53)
FN:905,(anonymous_54)
FN:919,(anonymous_55)
FN:937,(anonymous_56)
FN:949,(anonymous_57)
FN:966,(anonymous_58)
FN:978,(anonymous_59)
FN:988,(anonymous_60)
FN:1005,(anonymous_61)
FN:1030,(anonymous_62)
FN:1048,(anonymous_63)
FN:1072,(anonymous_64)
FN:1079,(anonymous_65)
FN:1080,(anonymous_66)
FN:1089,(anonymous_67)
FN:1105,(anonymous_68)
FN:1112,(anonymous_69)
FN:1115,(anonymous_70)
FN:1124,(anonymous_71)
FN:1133,(anonymous_72)
FN:1142,(anonymous_73)
FN:1150,(anonymous_74)
FN:1166,(anonymous_75)
FN:1182,(anonymous_76)
FN:1201,(anonymous_77)
FNF:78
FNH:0
FNDA:0,(anonymous_0)
FNDA:0,(anonymous_1)
FNDA:0,(anonymous_2)
FNDA:0,(anonymous_3)
FNDA:0,(anonymous_4)
FNDA:0,(anonymous_5)
FNDA:0,(anonymous_6)
FNDA:0,(anonymous_7)
FNDA:0,(anonymous_8)
FNDA:0,(anonymous_9)
FNDA:0,(anonymous_10)
FNDA:0,(anonymous_11)
FNDA:0,(anonymous_12)
FNDA:0,(anonymous_13)
FNDA:0,(anonymous_14)
FNDA:0,(anonymous_15)
FNDA:0,(anonymous_16)
FNDA:0,(anonymous_17)
FNDA:0,(anonymous_18)
FNDA:0,(anonymous_19)
FNDA:0,(anonymous_20)
FNDA:0,(anonymous_21)
FNDA:0,(anonymous_22)
FNDA:0,(anonymous_23)
FNDA:0,(anonymous_24)
FNDA:0,(anonymous_25)
FNDA:0,(anonymous_26)
FNDA:0,(anonymous_27)
FNDA:0,(anonymous_28)
FNDA:0,(anonymous_29)
FNDA:0,(anonymous_30)
FNDA:0,(anonymous_31)
FNDA:0,(anonymous_32)
FNDA:0,(anonymous_33)
FNDA:0,(anonymous_34)
FNDA:0,(anonymous_35)
FNDA:0,(anonymous_36)
FNDA:0,(anonymous_37)
FNDA:0,(anonymous_38)
FNDA:0,(anonymous_39)
FNDA:0,(anonymous_40)
FNDA:0,(anonymous_41)
FNDA:0,(anonymous_42)
FNDA:0,(anonymous_43)
FNDA:0,(anonymous_44)
FNDA:0,(anonymous_45)
FNDA:0,(anonymous_46)
FNDA:0,(anonymous_47)
FNDA:0,(anonymous_48)
FNDA:0,(anonymous_49)
FNDA:0,(anonymous_50)
FNDA:0,(anonymous_51)
FNDA:0,(anonymous_52)
FNDA:0,(anonymous_53)
FNDA:0,(anonymous_54)
FNDA:0,(anonymous_55)
FNDA:0,(anonymous_56)
FNDA:0,(anonymous_57)
FNDA:0,(anonymous_58)
FNDA:0,(anonymous_59)
FNDA:0,(anonymous_60)
FNDA:0,(anonymous_61)
FNDA:0,(anonymous_62)
FNDA:0,(anonymous_63)
FNDA:0,(anonymous_64)
FNDA:0,(anonymous_65)
FNDA:0,(anonymous_66)
FNDA:0,(anonymous_67)
FNDA:0,(anonymous_68)
FNDA:0,(anonymous_69)
FNDA:0,(anonymous_70)
FNDA:0,(anonymous_71)
FNDA:0,(anonymous_72)
FNDA:0,(anonymous_73)
FNDA:0,(anonymous_74)
FNDA:0,(anonymous_75)
FNDA:0,(anonymous_76)
FNDA:0,(anonymous_77)
DA:18,0
DA:19,0
DA:20,0
DA:21,0
DA:22,0
DA:23,0
DA:24,0
DA:26,0
DA:38,0
DA:41,0
DA:50,0
DA:60,0
DA:70,0
DA:77,0
DA:78,0
DA:85,0
DA:86,0
DA:88,0
DA:89,0
DA:90,0
DA:94,0
DA:97,0
DA:100,0
DA:103,0
DA:104,0
DA:107,0
DA:109,0
DA:116,0
DA:117,0
DA:127,0
DA:128,0
DA:130,0
DA:131,0
DA:135,0
DA:136,0
DA:139,0
DA:141,0
DA:142,0
DA:145,0
DA:148,0
DA:151,0
DA:152,0
DA:153,0
DA:156,0
DA:157,0
DA:158,0
DA:161,0
DA:162,0
DA:163,0
DA:168,0
DA:169,0
DA:170,0
DA:178,0
DA:179,0
DA:180,0
DA:182,0
DA:183,0
DA:187,0
DA:188,0
DA:189,0
DA:193,0
DA:194,0
DA:195,0
DA:198,0
DA:201,0
DA:213,0
DA:214,0
DA:216,0
DA:236,0
DA:239,0
DA:240,0
DA:242,0
DA:245,0
DA:246,0
DA:254,0
DA:256,0
DA:258,0
DA:261,0
DA:262,0
DA:272,0
DA:273,0
DA:274,0
DA:275,0
DA:279,0
DA:280,0
DA:281,0
DA:284,0
DA:285,0
DA:290,0
DA:293,0
DA:294,0
DA:300,0
DA:305,0
DA:310,0
DA:313,0
DA:314,0
DA:326,0
DA:327,0
DA:342,0
DA:343,0
DA:357,0
DA:359,0
DA:360,0
DA:361,0
DA:365,0
DA:379,0
DA:380,0
DA:381,0
DA:384,0
DA:391,0
DA:394,0
DA:395,0
DA:404,0
DA:419,0
DA:420,0
DA:423,0
DA:432,0
DA:433,0
DA:435,0
DA:437,0
DA:440,0
DA:448,0
DA:449,0
DA:451,0
DA:453,0
DA:464,0
DA:465,0
DA:466,0
DA:471,0
DA:472,0
DA:473,0
DA:475,0
DA:480,0
DA:481,0
DA:484,0
DA:485,0
DA:489,0
DA:490,0
DA:500,0
DA:501,0
DA:509,0
DA:510,0
DA:518,0
DA:519,0
DA:527,0
DA:529,0
DA:535,0
DA:536,0
DA:537,0
DA:540,0
DA:549,0
DA:550,0
DA:552,0
DA:553,0
DA:556,0
DA:559,0
DA:561,0
DA:564,0
DA:565,0
DA:568,0
DA:569,0
DA:574,0
DA:577,0
DA:580,0
DA:581,0
DA:584,0
DA:590,0
DA:591,0
DA:593,0
DA:595,0
DA:604,0
DA:605,0
DA:607,0
DA:610,0
DA:613,0
DA:615,0
DA:616,0
DA:618,0
DA:619,0
DA:621,0
DA:622,0
DA:624,0
DA:625,0
DA:627,0
DA:631,0
DA:632,0
DA:642,0
DA:645,0
DA:646,0
DA:647,0
DA:650,0
DA:651,0
DA:655,0
DA:660,0
DA:661,0
DA:662,0
DA:666,0
DA:667,0
DA:668,0
DA:669,0
DA:672,0
DA:673,0
DA:676,0
DA:677,0
DA:678,0
DA:682,0
DA:683,0
DA:684,0
DA:689,0
DA:690,0
DA:694,0
DA:695,0
DA:698,0
DA:699,0
DA:702,0
DA:707,0
DA:708,0
DA:711,0
DA:717,0
DA:721,0
DA:729,0
DA:730,0
DA:731,0
DA:734,0
DA:737,0
DA:738,0
DA:741,0
DA:742,0
DA:747,0
DA:752,0
DA:761,0
DA:762,0
DA:763,0
DA:767,0
DA:770,0
DA:780,0
DA:781,0
DA:785,0
DA:786,0
DA:795,0
DA:796,0
DA:798,0
DA:799,0
DA:800,0
DA:803,0
DA:805,0
DA:807,0
DA:808,0
DA:812,0
DA:825,0
DA:826,0
DA:828,0
DA:829,0
DA:830,0
DA:833,0
DA:835,0
DA:836,0
DA:839,0
DA:860,0
DA:861,0
DA:862,0
DA:875,0
DA:876,0
DA:877,0
DA:886,0
DA:889,0
DA:890,0
DA:891,0
DA:893,0
DA:894,0
DA:905,0
DA:906,0
DA:907,0
DA:910,0
DA:913,0
DA:914,0
DA:919,0
DA:920,0
DA:921,0
DA:924,0
DA:927,0
DA:928,0
DA:938,0
DA:939,0
DA:942,0
DA:950,0
DA:952,0
DA:954,0
DA:955,0
DA:967,0
DA:968,0
DA:969,0
DA:970,0
DA:973,0
DA:978,0
DA:979,0
DA:980,0
DA:989,0
DA:990,0
DA:991,0
DA:1006,0
DA:1007,0
DA:1008,0
DA:1012,0
DA:1013,0
DA:1014,0
DA:1018,0
DA:1021,0
DA:1022,0
DA:1031,0
DA:1032,0
DA:1035,0
DA:1036,0
DA:1039,0
DA:1040,0
DA:1049,0
DA:1050,0
DA:1052,0
DA:1053,0
DA:1054,0
DA:1057,0
DA:1058,0
DA:1061,0
DA:1073,0
DA:1075,0
DA:1076,0
DA:1077,0
DA:1079,0
DA:1080,0
DA:1082,0
DA:1091,0
DA:1095,0
DA:1096,0
DA:1106,0
DA:1107,0
DA:1108,0
DA:1110,0
DA:1112,0
DA:1115,0
DA:1125,0
DA:1126,0
DA:1134,0
DA:1135,0
DA:1143,0
DA:1151,0
DA:1156,0
DA:1167,0
DA:1168,0
DA:1169,0
DA:1171,0
DA:1183,0
DA:1184,0
DA:1185,0
DA:1186,0
DA:1187,0
DA:1188,0
DA:1189,0
DA:1190,0
DA:1191,0
DA:1193,0
DA:1198,0
DA:1201,0
DA:1202,0
LF:363
LH:0
BRDA:38,0,0,0
BRDA:38,0,1,0
BRDA:88,1,0,0
BRDA:88,1,1,0
BRDA:103,2,0,0
BRDA:103,2,1,0
BRDA:126,3,0,0
BRDA:128,4,0,0
BRDA:128,4,1,0
BRDA:130,5,0,0
BRDA:130,5,1,0
BRDA:135,6,0,0
BRDA:135,6,1,0
BRDA:135,7,0,0
BRDA:135,7,1,0
BRDA:179,8,0,0
BRDA:179,8,1,0
BRDA:187,9,0,0
BRDA:187,9,1,0
BRDA:193,10,0,0
BRDA:193,10,1,0
BRDA:212,11,0,0
BRDA:221,12,0,0
BRDA:221,12,1,0
BRDA:222,13,0,0
BRDA:222,13,1,0
BRDA:223,14,0,0
BRDA:223,14,1,0
BRDA:224,15,0,0
BRDA:224,15,1,0
BRDA:239,16,0,0
BRDA:239,16,1,0
BRDA:245,17,0,0
BRDA:245,17,1,0
BRDA:274,18,0,0
BRDA:274,18,1,0
BRDA:280,19,0,0
BRDA:280,19,1,0
BRDA:284,20,0,0
BRDA:284,20,1,0
BRDA:293,21,0,0
BRDA:293,21,1,0
BRDA:325,22,0,0
BRDA:341,23,0,0
BRDA:356,24,0,0
BRDA:359,25,0,0
BRDA:359,25,1,0
BRDA:380,26,0,0
BRDA:380,26,1,0
BRDA:418,27,0,0
BRDA:419,28,0,0
BRDA:419,28,1,0
BRDA:420,29,0,0
BRDA:420,29,1,0
BRDA:465,30,0,0
BRDA:465,30,1,0
BRDA:472,31,0,0
BRDA:472,31,1,0
BRDA:535,32,0,0
BRDA:535,32,1,0
BRDA:535,33,0,0
BRDA:535,33,1,0
BRDA:580,34,0,0
BRDA:580,34,1,0
BRDA:580,35,0,0
BRDA:580,35,1,0
BRDA:613,36,0,0
BRDA:613,36,1,0
BRDA:613,36,2,0
BRDA:613,36,3,0
BRDA:613,36,4,0
BRDA:633,37,0,0
BRDA:633,37,1,0
BRDA:645,38,0,0
BRDA:645,38,1,0
BRDA:650,39,0,0
BRDA:650,39,1,0
BRDA:661,40,0,0
BRDA:661,40,1,0
BRDA:668,41,0,0
BRDA:668,41,1,0
BRDA:668,42,0,0
BRDA:668,42,1,0
BRDA:677,43,0,0
BRDA:677,43,1,0
BRDA:682,44,0,0
BRDA:682,44,1,0
BRDA:683,45,0,0
BRDA:683,45,1,0
BRDA:689,46,0,0
BRDA:689,46,1,0
BRDA:694,47,0,0
BRDA:694,47,1,0
BRDA:698,48,0,0
BRDA:698,48,1,0
BRDA:730,49,0,0
BRDA:730,49,1,0
BRDA:730,50,0,0
BRDA:730,50,1,0
BRDA:737,51,0,0
BRDA:737,51,1,0
BRDA:737,52,0,0
BRDA:737,52,1,0
BRDA:741,53,0,0
BRDA:741,53,1,0
BRDA:741,54,0,0
BRDA:741,54,1,0
BRDA:748,55,0,0
BRDA:748,55,1,0
BRDA:762,56,0,0
BRDA:762,56,1,0
BRDA:762,57,0,0
BRDA:762,57,1,0
BRDA:796,58,0,0
BRDA:796,58,1,0
BRDA:799,59,0,0
BRDA:799,59,1,0
BRDA:799,60,0,0
BRDA:799,60,1,0
BRDA:826,61,0,0
BRDA:826,61,1,0
BRDA:829,62,0,0
BRDA:829,62,1,0
BRDA:829,63,0,0
BRDA:829,63,1,0
BRDA:861,64,0,0
BRDA:861,64,1,0
BRDA:875,65,0,0
BRDA:875,65,1,0
BRDA:889,66,0,0
BRDA:889,66,1,0
BRDA:893,67,0,0
BRDA:893,67,1,0
BRDA:913,68,0,0
BRDA:913,68,1,0
BRDA:927,69,0,0
BRDA:927,69,1,0
BRDA:938,70,0,0
BRDA:938,70,1,0
BRDA:938,71,0,0
BRDA:938,71,1,0
BRDA:954,72,0,0
BRDA:954,72,1,0
BRDA:967,73,0,0
BRDA:967,73,1,0
BRDA:990,74,0,0
BRDA:990,74,1,0
BRDA:1007,75,0,0
BRDA:1007,75,1,0
BRDA:1013,76,0,0
BRDA:1013,76,1,0
BRDA:1031,77,0,0
BRDA:1031,77,1,0
BRDA:1039,78,0,0
BRDA:1039,78,1,0
BRDA:1050,79,0,0
BRDA:1050,79,1,0
BRDA:1052,80,0,0
BRDA:1052,80,1,0
BRDA:1057,81,0,0
BRDA:1057,81,1,0
BRDA:1073,82,0,0
BRDA:1073,82,1,0
BRDA:1092,83,0,0
BRDA:1092,83,1,0
BRDA:1095,84,0,0
BRDA:1095,84,1,0
BRDA:1097,85,0,0
BRDA:1097,85,1,0
BRDA:1111,86,0,0
BRDA:1111,86,1,0
BRDA:1114,87,0,0
BRDA:1114,87,1,0
BRDA:1116,88,0,0
BRDA:1116,88,1,0
BRDA:1116,89,0,0
BRDA:1116,89,1,0
BRDA:1168,90,0,0
BRDA:1168,90,1,0
BRF:179
BRH:0
end_of_record
